nohup: ignoring input
Model Params: 30.03M
Trainable Params: 30.025M
Model Params: 30.03M
Trainable Params: 30.025M
Epoch:[1/1](1/500), Reward: 0.3846, Fmt: 1.00, Correct: 0.00, KL_ref: 0.0004, Adv Std: 0.9248, Actor Loss: 0.0000, Avg Len: 129, LR: 0.00000100
Epoch:[1/1](2/500), Reward: 0.3004, Fmt: 1.00, Correct: 0.00, KL_ref: 0.0002, Adv Std: 0.9241, Actor Loss: 0.0000, Avg Len: 176, LR: 0.00000100
Epoch:[1/1](3/500), Reward: 0.4360, Fmt: 1.00, Correct: 0.00, KL_ref: -0.0050, Adv Std: 0.9233, Actor Loss: 0.0005, Avg Len: 100, LR: 0.00000100
Epoch:[1/1](4/500), Reward: 0.3523, Fmt: 1.00, Correct: 0.00, KL_ref: 0.0053, Adv Std: 0.9241, Actor Loss: 0.0003, Avg Len: 124, LR: 0.00000100
Epoch:[1/1](5/500), Reward: 0.3336, Fmt: 1.00, Correct: 0.00, KL_ref: 0.0031, Adv Std: 0.9239, Actor Loss: 0.0003, Avg Len: 156, LR: 0.00000100
Epoch:[1/1](6/500), Reward: 0.2103, Fmt: 0.62, Correct: 0.00, KL_ref: 0.0009, Adv Std: 0.9255, Actor Loss: 0.0005, Avg Len: 141, LR: 0.00000100
Epoch:[1/1](7/500), Reward: 0.2616, Fmt: 1.00, Correct: 0.00, KL_ref: 0.0423, Adv Std: 0.6532, Actor Loss: 1.7809, Avg Len: 198, LR: 0.00000100
Epoch:[1/1](8/500), Reward: 0.3241, Fmt: 1.00, Correct: 0.00, KL_ref: 0.0447, Adv Std: 0.9247, Actor Loss: 1.8603, Avg Len: 186, LR: 0.00000100
Epoch:[1/1](9/500), Reward: 0.3006, Fmt: 1.00, Correct: 0.00, KL_ref: 0.0042, Adv Std: 0.9196, Actor Loss: 0.0015, Avg Len: 214, LR: 0.00000100
Epoch:[1/1](10/500), Reward: 0.2887, Fmt: 1.00, Correct: 0.00, KL_ref: 0.0081, Adv Std: 0.9235, Actor Loss: 0.0043, Avg Len: 203, LR: 0.00000100
Epoch:[1/1](11/500), Reward: 0.3659, Fmt: 1.00, Correct: 0.00, KL_ref: 0.0008, Adv Std: 0.9249, Actor Loss: 0.0002, Avg Len: 162, LR: 0.00000100
Epoch:[1/1](12/500), Reward: 0.3261, Fmt: 1.00, Correct: 0.00, KL_ref: 0.0012, Adv Std: 0.9241, Actor Loss: 0.0004, Avg Len: 152, LR: 0.00000100
Epoch:[1/1](13/500), Reward: 0.3312, Fmt: 1.00, Correct: 0.00, KL_ref: -0.0022, Adv Std: 0.9244, Actor Loss: 0.0002, Avg Len: 176, LR: 0.00000100
Epoch:[1/1](14/500), Reward: 0.3383, Fmt: 1.00, Correct: 0.00, KL_ref: -0.0004, Adv Std: 0.9232, Actor Loss: 0.0002, Avg Len: 134, LR: 0.00000100
Epoch:[1/1](15/500), Reward: 0.3504, Fmt: 1.00, Correct: 0.00, KL_ref: -0.0013, Adv Std: 0.9249, Actor Loss: 0.0002, Avg Len: 164, LR: 0.00000100
Epoch:[1/1](16/500), Reward: 0.3031, Fmt: 1.00, Correct: 0.00, KL_ref: 0.0002, Adv Std: 0.9227, Actor Loss: 0.0001, Avg Len: 176, LR: 0.00000100
Epoch:[1/1](17/500), Reward: 0.3661, Fmt: 1.00, Correct: 0.00, KL_ref: 0.0000, Adv Std: 0.9246, Actor Loss: 0.0001, Avg Len: 134, LR: 0.00000100
Epoch:[1/1](18/500), Reward: 0.2948, Fmt: 1.00, Correct: 0.00, KL_ref: -0.0023, Adv Std: 0.9239, Actor Loss: 0.0000, Avg Len: 186, LR: 0.00000100
Epoch:[1/1](19/500), Reward: 0.2822, Fmt: 1.00, Correct: 0.00, KL_ref: -0.0007, Adv Std: 0.9240, Actor Loss: 0.0000, Avg Len: 208, LR: 0.00000100
Epoch:[1/1](20/500), Reward: 0.5986, Fmt: 1.00, Correct: 0.12, KL_ref: -0.0062, Adv Std: 0.9253, Actor Loss: 0.0002, Avg Len: 168, LR: 0.00000100
Epoch:[1/1](21/500), Reward: 0.5711, Fmt: 1.00, Correct: 0.12, KL_ref: -0.0071, Adv Std: 0.9250, Actor Loss: 0.0002, Avg Len: 198, LR: 0.00000100
Epoch:[1/1](22/500), Reward: 0.3443, Fmt: 1.00, Correct: 0.00, KL_ref: 0.0007, Adv Std: 0.9246, Actor Loss: 0.0000, Avg Len: 133, LR: 0.00000100
Epoch:[1/1](23/500), Reward: 0.3991, Fmt: 1.00, Correct: 0.00, KL_ref: -0.0005, Adv Std: 0.9251, Actor Loss: 0.0000, Avg Len: 94, LR: 0.00000100
Epoch:[1/1](24/500), Reward: 0.3165, Fmt: 1.00, Correct: 0.00, KL_ref: -0.0062, Adv Std: 0.9249, Actor Loss: 0.0003, Avg Len: 164, LR: 0.00000099
Epoch:[1/1](25/500), Reward: 0.3864, Fmt: 1.00, Correct: 0.00, KL_ref: -0.0006, Adv Std: 0.9248, Actor Loss: 0.0000, Avg Len: 138, LR: 0.00000099
Epoch:[1/1](26/500), Reward: 0.6353, Fmt: 1.00, Correct: 0.12, KL_ref: -0.0030, Adv Std: 0.9255, Actor Loss: 0.0001, Avg Len: 112, LR: 0.00000099
Epoch:[1/1](27/500), Reward: 0.3420, Fmt: 1.00, Correct: 0.00, KL_ref: -0.0033, Adv Std: 0.9237, Actor Loss: 0.0000, Avg Len: 117, LR: 0.00000099
Epoch:[1/1](28/500), Reward: 0.3465, Fmt: 1.00, Correct: 0.00, KL_ref: -0.0001, Adv Std: 0.9220, Actor Loss: 0.0000, Avg Len: 139, LR: 0.00000099
Epoch:[1/1](29/500), Reward: 0.3551, Fmt: 1.00, Correct: 0.00, KL_ref: -0.0027, Adv Std: 0.9250, Actor Loss: 0.0000, Avg Len: 136, LR: 0.00000099
Epoch:[1/1](30/500), Reward: 0.3880, Fmt: 1.00, Correct: 0.00, KL_ref: -0.0010, Adv Std: 0.9234, Actor Loss: 0.0000, Avg Len: 103, LR: 0.00000099
Epoch:[1/1](31/500), Reward: 0.3508, Fmt: 1.00, Correct: 0.00, KL_ref: -0.0038, Adv Std: 0.6540, Actor Loss: 0.0010, Avg Len: 154, LR: 0.00000099
Epoch:[1/1](32/500), Reward: 0.3436, Fmt: 1.00, Correct: 0.00, KL_ref: -0.0013, Adv Std: 0.9246, Actor Loss: 0.0000, Avg Len: 176, LR: 0.00000099
Epoch:[1/1](33/500), Reward: 0.4229, Fmt: 1.00, Correct: 0.00, KL_ref: -0.0136, Adv Std: 0.9230, Actor Loss: 0.0011, Avg Len: 114, LR: 0.00000099
Epoch:[1/1](34/500), Reward: 0.4095, Fmt: 1.00, Correct: 0.00, KL_ref: -0.0040, Adv Std: 0.9249, Actor Loss: 0.0001, Avg Len: 91, LR: 0.00000099
Epoch:[1/1](35/500), Reward: 0.2980, Fmt: 1.00, Correct: 0.00, KL_ref: -0.0001, Adv Std: 0.6540, Actor Loss: 0.0000, Avg Len: 208, LR: 0.00000099
Epoch:[1/1](36/500), Reward: 0.3395, Fmt: 1.00, Correct: 0.00, KL_ref: -0.0013, Adv Std: 0.9246, Actor Loss: 0.0001, Avg Len: 131, LR: 0.00000099
Epoch:[1/1](37/500), Reward: 0.2871, Fmt: 1.00, Correct: 0.00, KL_ref: -0.0014, Adv Std: 0.9231, Actor Loss: 0.0000, Avg Len: 198, LR: 0.00000099
Epoch:[1/1](38/500), Reward: 0.6410, Fmt: 1.00, Correct: 0.12, KL_ref: -0.0011, Adv Std: 0.9254, Actor Loss: 0.0001, Avg Len: 121, LR: 0.00000099
Epoch:[1/1](39/500), Reward: 0.3569, Fmt: 1.00, Correct: 0.00, KL_ref: -0.0049, Adv Std: 0.9249, Actor Loss: 0.0001, Avg Len: 165, LR: 0.00000099
Epoch:[1/1](40/500), Reward: 0.4246, Fmt: 1.00, Correct: 0.00, KL_ref: -0.0044, Adv Std: 0.9243, Actor Loss: 0.0000, Avg Len: 80, LR: 0.00000099
Epoch:[1/1](41/500), Reward: 0.3668, Fmt: 1.00, Correct: 0.00, KL_ref: -0.0019, Adv Std: 0.9247, Actor Loss: 0.0000, Avg Len: 172, LR: 0.00000099
Epoch:[1/1](42/500), Reward: 0.3514, Fmt: 1.00, Correct: 0.00, KL_ref: -0.0002, Adv Std: 0.9249, Actor Loss: 0.0000, Avg Len: 153, LR: 0.00000098
Epoch:[1/1](43/500), Reward: 0.3463, Fmt: 1.00, Correct: 0.00, KL_ref: -0.0044, Adv Std: 0.9250, Actor Loss: 0.0000, Avg Len: 151, LR: 0.00000098
Epoch:[1/1](44/500), Reward: 0.2985, Fmt: 1.00, Correct: 0.00, KL_ref: -0.0013, Adv Std: 0.9241, Actor Loss: 0.0000, Avg Len: 184, LR: 0.00000098
Epoch:[1/1](45/500), Reward: 0.3460, Fmt: 1.00, Correct: 0.00, KL_ref: -0.0090, Adv Std: 0.9250, Actor Loss: 0.0002, Avg Len: 132, LR: 0.00000098
Epoch:[1/1](46/500), Reward: 0.3456, Fmt: 1.00, Correct: 0.00, KL_ref: -0.0021, Adv Std: 0.9248, Actor Loss: 0.0000, Avg Len: 157, LR: 0.00000098
Epoch:[1/1](47/500), Reward: 0.3594, Fmt: 1.00, Correct: 0.00, KL_ref: -0.0014, Adv Std: 0.9248, Actor Loss: 0.0000, Avg Len: 131, LR: 0.00000098
Epoch:[1/1](48/500), Reward: 0.3612, Fmt: 1.00, Correct: 0.00, KL_ref: -0.0023, Adv Std: 0.9242, Actor Loss: 0.0000, Avg Len: 136, LR: 0.00000098
Epoch:[1/1](49/500), Reward: 0.5812, Fmt: 1.00, Correct: 0.12, KL_ref: -0.0006, Adv Std: 0.9254, Actor Loss: 0.0000, Avg Len: 195, LR: 0.00000098
Epoch:[1/1](50/500), Reward: 0.3804, Fmt: 1.00, Correct: 0.00, KL_ref: -0.0021, Adv Std: 0.9246, Actor Loss: 0.0000, Avg Len: 148, LR: 0.00000098
Epoch:[1/1](51/500), Reward: 0.4126, Fmt: 1.00, Correct: 0.00, KL_ref: -0.0064, Adv Std: 0.9244, Actor Loss: 0.0001, Avg Len: 100, LR: 0.00000098
Epoch:[1/1](52/500), Reward: 0.2981, Fmt: 1.00, Correct: 0.00, KL_ref: -0.0017, Adv Std: 0.9238, Actor Loss: 0.0000, Avg Len: 160, LR: 0.00000098
Epoch:[1/1](53/500), Reward: 0.3608, Fmt: 1.00, Correct: 0.00, KL_ref: -0.0007, Adv Std: 0.9241, Actor Loss: 0.0000, Avg Len: 138, LR: 0.00000098
Epoch:[1/1](54/500), Reward: 0.2703, Fmt: 1.00, Correct: 0.00, KL_ref: 0.0007, Adv Std: 0.6538, Actor Loss: 0.0000, Avg Len: 236, LR: 0.00000097
Epoch:[1/1](55/500), Reward: 0.5737, Fmt: 1.00, Correct: 0.12, KL_ref: -0.0092, Adv Std: 0.9244, Actor Loss: 0.0005, Avg Len: 167, LR: 0.00000097
Epoch:[1/1](56/500), Reward: 0.3332, Fmt: 1.00, Correct: 0.00, KL_ref: -0.0018, Adv Std: 0.9251, Actor Loss: 0.0000, Avg Len: 184, LR: 0.00000097
Epoch:[1/1](57/500), Reward: 0.3495, Fmt: 1.00, Correct: 0.00, KL_ref: -0.0009, Adv Std: 0.9251, Actor Loss: 0.0000, Avg Len: 138, LR: 0.00000097
Epoch:[1/1](58/500), Reward: 0.3797, Fmt: 1.00, Correct: 0.00, KL_ref: -0.0016, Adv Std: 0.9242, Actor Loss: 0.0000, Avg Len: 130, LR: 0.00000097
Epoch:[1/1](59/500), Reward: 0.2812, Fmt: 1.00, Correct: 0.00, KL_ref: -0.0004, Adv Std: 0.6541, Actor Loss: 0.0000, Avg Len: 226, LR: 0.00000097
Epoch:[1/1](60/500), Reward: 0.3515, Fmt: 1.00, Correct: 0.00, KL_ref: -0.0032, Adv Std: 0.9245, Actor Loss: 0.0001, Avg Len: 160, LR: 0.00000097
Epoch:[1/1](61/500), Reward: 0.3512, Fmt: 1.00, Correct: 0.00, KL_ref: -0.0016, Adv Std: 0.9246, Actor Loss: 0.0000, Avg Len: 170, LR: 0.00000097
Epoch:[1/1](62/500), Reward: 0.3335, Fmt: 1.00, Correct: 0.00, KL_ref: -0.0064, Adv Std: 0.9238, Actor Loss: 0.0001, Avg Len: 188, LR: 0.00000097
Epoch:[1/1](63/500), Reward: 0.4435, Fmt: 1.00, Correct: 0.00, KL_ref: -0.0047, Adv Std: 0.9245, Actor Loss: 0.0000, Avg Len: 88, LR: 0.00000097
Epoch:[1/1](64/500), Reward: 0.3824, Fmt: 1.00, Correct: 0.00, KL_ref: -0.0138, Adv Std: 0.9251, Actor Loss: 0.0012, Avg Len: 112, LR: 0.00000096
Epoch:[1/1](65/500), Reward: 0.3349, Fmt: 1.00, Correct: 0.00, KL_ref: -0.0036, Adv Std: 0.9242, Actor Loss: 0.0000, Avg Len: 168, LR: 0.00000096
Epoch:[1/1](66/500), Reward: 0.3046, Fmt: 1.00, Correct: 0.00, KL_ref: -0.0076, Adv Std: 0.9240, Actor Loss: 0.0002, Avg Len: 196, LR: 0.00000096
Epoch:[1/1](67/500), Reward: 0.3136, Fmt: 1.00, Correct: 0.00, KL_ref: -0.0018, Adv Std: 0.6527, Actor Loss: 0.0000, Avg Len: 190, LR: 0.00000096
Epoch:[1/1](68/500), Reward: 0.3927, Fmt: 1.00, Correct: 0.00, KL_ref: -0.0132, Adv Std: 0.9249, Actor Loss: 0.0005, Avg Len: 128, LR: 0.00000096
Epoch:[1/1](69/500), Reward: 0.3890, Fmt: 1.00, Correct: 0.00, KL_ref: -0.0020, Adv Std: 0.9248, Actor Loss: 0.0000, Avg Len: 118, LR: 0.00000096
Epoch:[1/1](70/500), Reward: 0.5783, Fmt: 1.00, Correct: 0.12, KL_ref: -0.0036, Adv Std: 0.9252, Actor Loss: 0.0000, Avg Len: 168, LR: 0.00000096
Epoch:[1/1](71/500), Reward: 0.3449, Fmt: 1.00, Correct: 0.00, KL_ref: -0.0022, Adv Std: 0.9250, Actor Loss: 0.0000, Avg Len: 163, LR: 0.00000096
Epoch:[1/1](72/500), Reward: 0.3244, Fmt: 1.00, Correct: 0.00, KL_ref: -0.0009, Adv Std: 0.9246, Actor Loss: 0.0000, Avg Len: 145, LR: 0.00000095
Epoch:[1/1](73/500), Reward: 0.3173, Fmt: 1.00, Correct: 0.00, KL_ref: -0.0035, Adv Std: 0.9245, Actor Loss: 0.0001, Avg Len: 162, LR: 0.00000095
Epoch:[1/1](74/500), Reward: 0.3146, Fmt: 1.00, Correct: 0.00, KL_ref: -0.0017, Adv Std: 0.9249, Actor Loss: 0.0000, Avg Len: 192, LR: 0.00000095
Epoch:[1/1](75/500), Reward: 0.3368, Fmt: 1.00, Correct: 0.00, KL_ref: -0.0007, Adv Std: 0.9249, Actor Loss: 0.0000, Avg Len: 173, LR: 0.00000095
Epoch:[1/1](76/500), Reward: 0.4107, Fmt: 1.00, Correct: 0.00, KL_ref: -0.0039, Adv Std: 0.9250, Actor Loss: 0.0001, Avg Len: 123, LR: 0.00000095
Epoch:[1/1](77/500), Reward: 0.3706, Fmt: 1.00, Correct: 0.00, KL_ref: 0.0008, Adv Std: 0.9250, Actor Loss: 0.0000, Avg Len: 83, LR: 0.00000095
Epoch:[1/1](78/500), Reward: 0.3645, Fmt: 1.00, Correct: 0.00, KL_ref: -0.0046, Adv Std: 0.9245, Actor Loss: 0.0001, Avg Len: 128, LR: 0.00000095
Epoch:[1/1](79/500), Reward: 0.4397, Fmt: 1.00, Correct: 0.00, KL_ref: 0.0012, Adv Std: 0.9247, Actor Loss: 0.0000, Avg Len: 66, LR: 0.00000095
Epoch:[1/1](80/500), Reward: 0.3286, Fmt: 1.00, Correct: 0.00, KL_ref: 0.0003, Adv Std: 0.9245, Actor Loss: 0.0000, Avg Len: 155, LR: 0.00000094
Epoch:[1/1](81/500), Reward: 0.3629, Fmt: 1.00, Correct: 0.00, KL_ref: -0.0021, Adv Std: 0.9248, Actor Loss: 0.0000, Avg Len: 152, LR: 0.00000094
Epoch:[1/1](82/500), Reward: 0.3598, Fmt: 1.00, Correct: 0.00, KL_ref: -0.0016, Adv Std: 0.9247, Actor Loss: 0.0000, Avg Len: 135, LR: 0.00000094
Epoch:[1/1](83/500), Reward: 0.3448, Fmt: 1.00, Correct: 0.00, KL_ref: -0.0019, Adv Std: 0.9251, Actor Loss: 0.0000, Avg Len: 150, LR: 0.00000094
Epoch:[1/1](84/500), Reward: 0.2980, Fmt: 1.00, Correct: 0.00, KL_ref: -0.0023, Adv Std: 0.9239, Actor Loss: 0.0000, Avg Len: 192, LR: 0.00000094
Epoch:[1/1](85/500), Reward: 0.4284, Fmt: 1.00, Correct: 0.00, KL_ref: -0.0039, Adv Std: 0.9246, Actor Loss: 0.0000, Avg Len: 94, LR: 0.00000094
Epoch:[1/1](86/500), Reward: 0.4196, Fmt: 1.00, Correct: 0.00, KL_ref: -0.0179, Adv Std: 0.9243, Actor Loss: 0.0008, Avg Len: 83, LR: 0.00000094
Epoch:[1/1](87/500), Reward: 0.3434, Fmt: 1.00, Correct: 0.00, KL_ref: -0.0003, Adv Std: 0.9244, Actor Loss: 0.0000, Avg Len: 144, LR: 0.00000094
Epoch:[1/1](88/500), Reward: 0.6540, Fmt: 1.00, Correct: 0.12, KL_ref: 0.0006, Adv Std: 0.9253, Actor Loss: 0.0000, Avg Len: 120, LR: 0.00000093
Epoch:[1/1](89/500), Reward: 0.3254, Fmt: 1.00, Correct: 0.00, KL_ref: -0.0015, Adv Std: 0.9230, Actor Loss: 0.0000, Avg Len: 178, LR: 0.00000093
Epoch:[1/1](90/500), Reward: 0.8729, Fmt: 1.00, Correct: 0.25, KL_ref: -0.0032, Adv Std: 0.9257, Actor Loss: 0.0001, Avg Len: 132, LR: 0.00000093
Epoch:[1/1](91/500), Reward: 0.3861, Fmt: 1.00, Correct: 0.00, KL_ref: -0.0033, Adv Std: 0.9250, Actor Loss: 0.0000, Avg Len: 139, LR: 0.00000093
Epoch:[1/1](92/500), Reward: 0.3885, Fmt: 1.00, Correct: 0.00, KL_ref: -0.0017, Adv Std: 0.9249, Actor Loss: 0.0000, Avg Len: 111, LR: 0.00000093
Epoch:[1/1](93/500), Reward: 0.4250, Fmt: 1.00, Correct: 0.00, KL_ref: -0.0036, Adv Std: 0.9250, Actor Loss: 0.0001, Avg Len: 90, LR: 0.00000093
Epoch:[1/1](94/500), Reward: 0.3524, Fmt: 1.00, Correct: 0.00, KL_ref: -0.0003, Adv Std: 0.9249, Actor Loss: 0.0000, Avg Len: 139, LR: 0.00000092
Epoch:[1/1](95/500), Reward: 0.3706, Fmt: 1.00, Correct: 0.00, KL_ref: -0.0065, Adv Std: 0.9247, Actor Loss: 0.0003, Avg Len: 112, LR: 0.00000092
Epoch:[1/1](96/500), Reward: 0.3584, Fmt: 1.00, Correct: 0.00, KL_ref: -0.0009, Adv Std: 0.9244, Actor Loss: 0.0000, Avg Len: 175, LR: 0.00000092
Epoch:[1/1](97/500), Reward: 0.3312, Fmt: 1.00, Correct: 0.00, KL_ref: -0.0010, Adv Std: 0.9250, Actor Loss: 0.0000, Avg Len: 130, LR: 0.00000092
Epoch:[1/1](98/500), Reward: 0.4280, Fmt: 1.00, Correct: 0.00, KL_ref: -0.0014, Adv Std: 0.9245, Actor Loss: 0.0000, Avg Len: 55, LR: 0.00000092
Epoch:[1/1](99/500), Reward: 0.3846, Fmt: 1.00, Correct: 0.00, KL_ref: 0.0000, Adv Std: 0.9243, Actor Loss: 0.0000, Avg Len: 138, LR: 0.00000092
Epoch:[1/1](100/500), Reward: 0.3479, Fmt: 1.00, Correct: 0.00, KL_ref: -0.0015, Adv Std: 0.9247, Actor Loss: 0.0000, Avg Len: 142, LR: 0.00000091
Epoch:[1/1](101/500), Reward: 0.2889, Fmt: 1.00, Correct: 0.00, KL_ref: -0.0004, Adv Std: 0.9235, Actor Loss: 0.0000, Avg Len: 207, LR: 0.00000091
Epoch:[1/1](102/500), Reward: 0.3425, Fmt: 1.00, Correct: 0.00, KL_ref: -0.0016, Adv Std: 0.9244, Actor Loss: 0.0000, Avg Len: 156, LR: 0.00000091
Epoch:[1/1](103/500), Reward: 0.4321, Fmt: 1.00, Correct: 0.00, KL_ref: -0.0010, Adv Std: 0.9245, Actor Loss: 0.0000, Avg Len: 83, LR: 0.00000091
Epoch:[1/1](104/500), Reward: 0.3241, Fmt: 1.00, Correct: 0.00, KL_ref: -0.0002, Adv Std: 0.9239, Actor Loss: 0.0000, Avg Len: 174, LR: 0.00000091
Epoch:[1/1](105/500), Reward: 0.3443, Fmt: 1.00, Correct: 0.00, KL_ref: 0.0005, Adv Std: 0.9249, Actor Loss: 0.0000, Avg Len: 130, LR: 0.00000091
Epoch:[1/1](106/500), Reward: 0.3176, Fmt: 1.00, Correct: 0.00, KL_ref: 0.0009, Adv Std: 0.9245, Actor Loss: 0.0000, Avg Len: 173, LR: 0.00000090
Epoch:[1/1](107/500), Reward: 0.3530, Fmt: 1.00, Correct: 0.00, KL_ref: 0.0005, Adv Std: 0.9251, Actor Loss: 0.0000, Avg Len: 140, LR: 0.00000090
Epoch:[1/1](108/500), Reward: 0.3112, Fmt: 1.00, Correct: 0.00, KL_ref: -0.0033, Adv Std: 0.9250, Actor Loss: 0.0002, Avg Len: 187, LR: 0.00000090
Epoch:[1/1](109/500), Reward: 0.3946, Fmt: 1.00, Correct: 0.00, KL_ref: -0.0004, Adv Std: 0.9230, Actor Loss: 0.0000, Avg Len: 128, LR: 0.00000090
Epoch:[1/1](110/500), Reward: 0.4260, Fmt: 1.00, Correct: 0.00, KL_ref: -0.0022, Adv Std: 0.9244, Actor Loss: 0.0000, Avg Len: 115, LR: 0.00000090
Epoch:[1/1](111/500), Reward: 0.2905, Fmt: 1.00, Correct: 0.00, KL_ref: -0.0058, Adv Std: 0.9231, Actor Loss: 0.0001, Avg Len: 168, LR: 0.00000090
Epoch:[1/1](112/500), Reward: 0.3274, Fmt: 1.00, Correct: 0.00, KL_ref: -0.0004, Adv Std: 0.9249, Actor Loss: 0.0000, Avg Len: 175, LR: 0.00000089
Epoch:[1/1](113/500), Reward: 0.2757, Fmt: 1.00, Correct: 0.00, KL_ref: -0.0011, Adv Std: 0.6538, Actor Loss: 0.0000, Avg Len: 208, LR: 0.00000089
Epoch:[1/1](114/500), Reward: 0.3700, Fmt: 1.00, Correct: 0.00, KL_ref: -0.0022, Adv Std: 0.9248, Actor Loss: 0.0000, Avg Len: 126, LR: 0.00000089
Epoch:[1/1](115/500), Reward: 0.3415, Fmt: 1.00, Correct: 0.00, KL_ref: -0.0014, Adv Std: 0.9235, Actor Loss: 0.0000, Avg Len: 140, LR: 0.00000089
Epoch:[1/1](116/500), Reward: 0.8169, Fmt: 1.00, Correct: 0.25, KL_ref: 0.0009, Adv Std: 0.9240, Actor Loss: 0.0000, Avg Len: 196, LR: 0.00000089
Epoch:[1/1](117/500), Reward: 0.3369, Fmt: 1.00, Correct: 0.00, KL_ref: -0.0006, Adv Std: 0.9237, Actor Loss: 0.0000, Avg Len: 166, LR: 0.00000089
Epoch:[1/1](118/500), Reward: 0.3404, Fmt: 1.00, Correct: 0.00, KL_ref: -0.0032, Adv Std: 0.9248, Actor Loss: 0.0000, Avg Len: 137, LR: 0.00000088
Epoch:[1/1](119/500), Reward: 0.3571, Fmt: 1.00, Correct: 0.00, KL_ref: 0.0003, Adv Std: 0.9248, Actor Loss: 0.0000, Avg Len: 156, LR: 0.00000088
Epoch:[1/1](120/500), Reward: 0.3919, Fmt: 1.00, Correct: 0.00, KL_ref: -0.0013, Adv Std: 0.9229, Actor Loss: 0.0000, Avg Len: 90, LR: 0.00000088
Epoch:[1/1](121/500), Reward: 0.3553, Fmt: 1.00, Correct: 0.00, KL_ref: -0.0014, Adv Std: 0.9249, Actor Loss: 0.0000, Avg Len: 163, LR: 0.00000088
Epoch:[1/1](122/500), Reward: 0.3447, Fmt: 1.00, Correct: 0.00, KL_ref: 0.0001, Adv Std: 0.9241, Actor Loss: 0.0000, Avg Len: 134, LR: 0.00000087
Epoch:[1/1](123/500), Reward: 0.4440, Fmt: 1.00, Correct: 0.00, KL_ref: -0.0129, Adv Std: 0.9236, Actor Loss: 0.0010, Avg Len: 77, LR: 0.00000087
Epoch:[1/1](124/500), Reward: 0.3346, Fmt: 1.00, Correct: 0.00, KL_ref: -0.0059, Adv Std: 0.9250, Actor Loss: 0.0003, Avg Len: 177, LR: 0.00000087
Epoch:[1/1](125/500), Reward: 0.3909, Fmt: 1.00, Correct: 0.00, KL_ref: -0.0029, Adv Std: 0.9248, Actor Loss: 0.0001, Avg Len: 117, LR: 0.00000087
Epoch:[1/1](126/500), Reward: 0.3195, Fmt: 1.00, Correct: 0.00, KL_ref: 0.0011, Adv Std: 0.9247, Actor Loss: 0.0000, Avg Len: 196, LR: 0.00000087
Epoch:[1/1](127/500), Reward: 0.3080, Fmt: 1.00, Correct: 0.00, KL_ref: -0.0017, Adv Std: 0.9247, Actor Loss: 0.0000, Avg Len: 189, LR: 0.00000087
Epoch:[1/1](128/500), Reward: 0.6467, Fmt: 1.00, Correct: 0.12, KL_ref: -0.0049, Adv Std: 0.9254, Actor Loss: 0.0000, Avg Len: 126, LR: 0.00000086
Epoch:[1/1](129/500), Reward: 0.3211, Fmt: 1.00, Correct: 0.00, KL_ref: -0.0033, Adv Std: 0.9246, Actor Loss: 0.0001, Avg Len: 167, LR: 0.00000086
Epoch:[1/1](130/500), Reward: 0.3465, Fmt: 1.00, Correct: 0.00, KL_ref: -0.0107, Adv Std: 0.9247, Actor Loss: 0.0005, Avg Len: 169, LR: 0.00000086
Epoch:[1/1](131/500), Reward: 0.6139, Fmt: 1.00, Correct: 0.12, KL_ref: -0.0007, Adv Std: 0.9253, Actor Loss: 0.0000, Avg Len: 170, LR: 0.00000086
Epoch:[1/1](132/500), Reward: 0.4258, Fmt: 1.00, Correct: 0.00, KL_ref: -0.0193, Adv Std: 0.9249, Actor Loss: 0.0009, Avg Len: 85, LR: 0.00000085
Epoch:[1/1](133/500), Reward: 0.4287, Fmt: 1.00, Correct: 0.00, KL_ref: -0.0026, Adv Std: 0.9246, Actor Loss: 0.0000, Avg Len: 94, LR: 0.00000085
Epoch:[1/1](134/500), Reward: 0.5718, Fmt: 1.00, Correct: 0.12, KL_ref: -0.0009, Adv Std: 0.9250, Actor Loss: 0.0000, Avg Len: 146, LR: 0.00000085
Epoch:[1/1](135/500), Reward: 0.2762, Fmt: 1.00, Correct: 0.00, KL_ref: -0.0040, Adv Std: 0.9233, Actor Loss: 0.0001, Avg Len: 210, LR: 0.00000085
Epoch:[1/1](136/500), Reward: 0.3621, Fmt: 1.00, Correct: 0.00, KL_ref: -0.0016, Adv Std: 0.9249, Actor Loss: 0.0000, Avg Len: 144, LR: 0.00000085
Epoch:[1/1](137/500), Reward: 0.3457, Fmt: 1.00, Correct: 0.00, KL_ref: -0.0004, Adv Std: 0.9250, Actor Loss: 0.0000, Avg Len: 152, LR: 0.00000085
Epoch:[1/1](138/500), Reward: 0.3557, Fmt: 1.00, Correct: 0.00, KL_ref: 0.0002, Adv Std: 0.9248, Actor Loss: 0.0000, Avg Len: 143, LR: 0.00000084
Epoch:[1/1](139/500), Reward: 0.3698, Fmt: 1.00, Correct: 0.00, KL_ref: -0.0073, Adv Std: 0.9249, Actor Loss: 0.0004, Avg Len: 130, LR: 0.00000084
Epoch:[1/1](140/500), Reward: 0.3945, Fmt: 1.00, Correct: 0.00, KL_ref: -0.0014, Adv Std: 0.9251, Actor Loss: 0.0000, Avg Len: 119, LR: 0.00000084
Epoch:[1/1](141/500), Reward: 1.1584, Fmt: 1.00, Correct: 0.38, KL_ref: -0.0037, Adv Std: 0.9257, Actor Loss: 0.0002, Avg Len: 105, LR: 0.00000084
Epoch:[1/1](142/500), Reward: 0.8448, Fmt: 1.00, Correct: 0.25, KL_ref: -0.0004, Adv Std: 0.9251, Actor Loss: 0.0000, Avg Len: 116, LR: 0.00000083
Epoch:[1/1](143/500), Reward: 0.3519, Fmt: 1.00, Correct: 0.00, KL_ref: -0.0015, Adv Std: 0.9248, Actor Loss: 0.0000, Avg Len: 190, LR: 0.00000083
Epoch:[1/1](144/500), Reward: 0.3868, Fmt: 1.00, Correct: 0.00, KL_ref: -0.0003, Adv Std: 0.9251, Actor Loss: 0.0000, Avg Len: 147, LR: 0.00000083
Epoch:[1/1](145/500), Reward: 0.3802, Fmt: 1.00, Correct: 0.00, KL_ref: -0.0003, Adv Std: 0.9249, Actor Loss: 0.0000, Avg Len: 161, LR: 0.00000083
Epoch:[1/1](146/500), Reward: 0.3606, Fmt: 1.00, Correct: 0.00, KL_ref: -0.0016, Adv Std: 0.9250, Actor Loss: 0.0000, Avg Len: 154, LR: 0.00000082
Epoch:[1/1](147/500), Reward: 0.3740, Fmt: 1.00, Correct: 0.00, KL_ref: 0.0007, Adv Std: 0.9245, Actor Loss: 0.0000, Avg Len: 128, LR: 0.00000082
Epoch:[1/1](148/500), Reward: 0.4035, Fmt: 1.00, Correct: 0.00, KL_ref: -0.0030, Adv Std: 0.9246, Actor Loss: 0.0000, Avg Len: 64, LR: 0.00000082
Epoch:[1/1](149/500), Reward: 0.3277, Fmt: 1.00, Correct: 0.00, KL_ref: -0.0004, Adv Std: 0.9247, Actor Loss: 0.0000, Avg Len: 189, LR: 0.00000082
Epoch:[1/1](150/500), Reward: 0.3698, Fmt: 1.00, Correct: 0.00, KL_ref: -0.0033, Adv Std: 0.9251, Actor Loss: 0.0000, Avg Len: 115, LR: 0.00000081
Epoch:[1/1](151/500), Reward: 0.3241, Fmt: 1.00, Correct: 0.00, KL_ref: -0.0026, Adv Std: 0.9244, Actor Loss: 0.0001, Avg Len: 135, LR: 0.00000081
Epoch:[1/1](152/500), Reward: 0.2846, Fmt: 1.00, Correct: 0.00, KL_ref: 0.0001, Adv Std: 0.9239, Actor Loss: 0.0000, Avg Len: 185, LR: 0.00000081
Epoch:[1/1](153/500), Reward: 0.4058, Fmt: 1.00, Correct: 0.00, KL_ref: -0.0019, Adv Std: 0.9248, Actor Loss: 0.0000, Avg Len: 108, LR: 0.00000081
Epoch:[1/1](154/500), Reward: 0.3641, Fmt: 1.00, Correct: 0.00, KL_ref: -0.0072, Adv Std: 0.9250, Actor Loss: 0.0003, Avg Len: 124, LR: 0.00000081
Epoch:[1/1](155/500), Reward: 0.2873, Fmt: 1.00, Correct: 0.00, KL_ref: -0.0049, Adv Std: 0.9173, Actor Loss: 0.0001, Avg Len: 200, LR: 0.00000081
Epoch:[1/1](156/500), Reward: 0.3666, Fmt: 1.00, Correct: 0.00, KL_ref: 0.0007, Adv Std: 0.9249, Actor Loss: 0.0000, Avg Len: 145, LR: 0.00000080
Epoch:[1/1](157/500), Reward: 0.4080, Fmt: 1.00, Correct: 0.00, KL_ref: -0.0050, Adv Std: 0.9247, Actor Loss: 0.0001, Avg Len: 123, LR: 0.00000080
Epoch:[1/1](158/500), Reward: 0.3584, Fmt: 1.00, Correct: 0.00, KL_ref: 0.0008, Adv Std: 0.9249, Actor Loss: 0.0000, Avg Len: 158, LR: 0.00000080
Epoch:[1/1](159/500), Reward: 0.3855, Fmt: 1.00, Correct: 0.00, KL_ref: -0.0040, Adv Std: 0.9250, Actor Loss: 0.0000, Avg Len: 109, LR: 0.00000080
Epoch:[1/1](160/500), Reward: 0.3988, Fmt: 1.00, Correct: 0.00, KL_ref: -0.0012, Adv Std: 0.9250, Actor Loss: 0.0000, Avg Len: 99, LR: 0.00000079
Epoch:[1/1](161/500), Reward: 0.4342, Fmt: 1.00, Correct: 0.00, KL_ref: -0.0063, Adv Std: 0.9245, Actor Loss: 0.0002, Avg Len: 69, LR: 0.00000079
Epoch:[1/1](162/500), Reward: 0.3770, Fmt: 1.00, Correct: 0.00, KL_ref: 0.0002, Adv Std: 0.9243, Actor Loss: 0.0000, Avg Len: 139, LR: 0.00000079
Epoch:[1/1](163/500), Reward: 0.3888, Fmt: 1.00, Correct: 0.00, KL_ref: 0.0011, Adv Std: 0.9251, Actor Loss: 0.0000, Avg Len: 127, LR: 0.00000079
Epoch:[1/1](164/500), Reward: 0.3139, Fmt: 1.00, Correct: 0.00, KL_ref: -0.0019, Adv Std: 0.9248, Actor Loss: 0.0000, Avg Len: 183, LR: 0.00000078
Epoch:[1/1](165/500), Reward: 0.3050, Fmt: 1.00, Correct: 0.00, KL_ref: -0.0009, Adv Std: 0.9211, Actor Loss: 0.0000, Avg Len: 173, LR: 0.00000078
Epoch:[1/1](166/500), Reward: 0.3640, Fmt: 1.00, Correct: 0.00, KL_ref: -0.0002, Adv Std: 0.9250, Actor Loss: 0.0000, Avg Len: 126, LR: 0.00000078
Epoch:[1/1](167/500), Reward: 0.3320, Fmt: 1.00, Correct: 0.00, KL_ref: -0.0017, Adv Std: 0.9246, Actor Loss: 0.0000, Avg Len: 171, LR: 0.00000078
Epoch:[1/1](168/500), Reward: 0.3504, Fmt: 1.00, Correct: 0.00, KL_ref: -0.0017, Adv Std: 0.9250, Actor Loss: 0.0000, Avg Len: 144, LR: 0.00000077
Epoch:[1/1](169/500), Reward: 0.2818, Fmt: 1.00, Correct: 0.00, KL_ref: -0.0016, Adv Std: 0.9242, Actor Loss: 0.0000, Avg Len: 168, LR: 0.00000077
Epoch:[1/1](170/500), Reward: 0.3408, Fmt: 1.00, Correct: 0.00, KL_ref: -0.0006, Adv Std: 0.9245, Actor Loss: 0.0000, Avg Len: 159, LR: 0.00000077
Epoch:[1/1](171/500), Reward: 0.3255, Fmt: 1.00, Correct: 0.00, KL_ref: 0.0001, Adv Std: 0.9242, Actor Loss: 0.0000, Avg Len: 141, LR: 0.00000077
Epoch:[1/1](172/500), Reward: 0.3237, Fmt: 1.00, Correct: 0.00, KL_ref: 0.0001, Adv Std: 0.9250, Actor Loss: 0.0000, Avg Len: 143, LR: 0.00000076
Epoch:[1/1](173/500), Reward: 0.3637, Fmt: 1.00, Correct: 0.00, KL_ref: -0.0016, Adv Std: 0.9249, Actor Loss: 0.0000, Avg Len: 142, LR: 0.00000076
Epoch:[1/1](174/500), Reward: 0.3426, Fmt: 1.00, Correct: 0.00, KL_ref: 0.0003, Adv Std: 0.9246, Actor Loss: 0.0000, Avg Len: 178, LR: 0.00000076
Epoch:[1/1](175/500), Reward: 0.3388, Fmt: 1.00, Correct: 0.00, KL_ref: 0.0000, Adv Std: 0.9249, Actor Loss: 0.0000, Avg Len: 193, LR: 0.00000076
Epoch:[1/1](176/500), Reward: 0.3723, Fmt: 1.00, Correct: 0.00, KL_ref: 0.0006, Adv Std: 0.9245, Actor Loss: 0.0000, Avg Len: 131, LR: 0.00000075
Epoch:[1/1](177/500), Reward: 0.3381, Fmt: 1.00, Correct: 0.00, KL_ref: -0.0004, Adv Std: 0.9248, Actor Loss: 0.0000, Avg Len: 146, LR: 0.00000075
Epoch:[1/1](178/500), Reward: 0.3907, Fmt: 1.00, Correct: 0.00, KL_ref: -0.0003, Adv Std: 0.9247, Actor Loss: 0.0000, Avg Len: 124, LR: 0.00000075
Epoch:[1/1](179/500), Reward: 0.3020, Fmt: 1.00, Correct: 0.00, KL_ref: 0.0004, Adv Std: 0.9240, Actor Loss: 0.0000, Avg Len: 171, LR: 0.00000075
Epoch:[1/1](180/500), Reward: 0.4041, Fmt: 1.00, Correct: 0.00, KL_ref: -0.0002, Adv Std: 0.9252, Actor Loss: 0.0000, Avg Len: 185, LR: 0.00000074
Epoch:[1/1](181/500), Reward: 0.3475, Fmt: 1.00, Correct: 0.00, KL_ref: -0.0006, Adv Std: 0.9250, Actor Loss: 0.0000, Avg Len: 146, LR: 0.00000074
Epoch:[1/1](182/500), Reward: 0.3804, Fmt: 1.00, Correct: 0.00, KL_ref: 0.0007, Adv Std: 0.9226, Actor Loss: 0.0000, Avg Len: 106, LR: 0.00000074
Epoch:[1/1](183/500), Reward: 0.3420, Fmt: 1.00, Correct: 0.00, KL_ref: -0.0024, Adv Std: 0.9236, Actor Loss: 0.0000, Avg Len: 112, LR: 0.00000074
Epoch:[1/1](184/500), Reward: 0.3259, Fmt: 1.00, Correct: 0.00, KL_ref: -0.0012, Adv Std: 0.9242, Actor Loss: 0.0000, Avg Len: 166, LR: 0.00000073
Epoch:[1/1](185/500), Reward: 0.3377, Fmt: 1.00, Correct: 0.00, KL_ref: -0.0013, Adv Std: 0.9247, Actor Loss: 0.0000, Avg Len: 168, LR: 0.00000073
Epoch:[1/1](186/500), Reward: 0.3369, Fmt: 1.00, Correct: 0.00, KL_ref: -0.0042, Adv Std: 0.9251, Actor Loss: 0.0003, Avg Len: 165, LR: 0.00000073
Epoch:[1/1](187/500), Reward: 0.3551, Fmt: 1.00, Correct: 0.00, KL_ref: -0.0006, Adv Std: 0.9242, Actor Loss: 0.0000, Avg Len: 167, LR: 0.00000073
Epoch:[1/1](188/500), Reward: 0.3995, Fmt: 1.00, Correct: 0.00, KL_ref: -0.0018, Adv Std: 0.9249, Actor Loss: 0.0000, Avg Len: 127, LR: 0.00000072
Epoch:[1/1](189/500), Reward: 0.4028, Fmt: 1.00, Correct: 0.00, KL_ref: -0.0077, Adv Std: 0.9251, Actor Loss: 0.0004, Avg Len: 88, LR: 0.00000072
Epoch:[1/1](190/500), Reward: 0.3243, Fmt: 1.00, Correct: 0.00, KL_ref: -0.0044, Adv Std: 0.9250, Actor Loss: 0.0001, Avg Len: 180, LR: 0.00000072
Epoch:[1/1](191/500), Reward: 0.3166, Fmt: 1.00, Correct: 0.00, KL_ref: -0.0007, Adv Std: 0.9250, Actor Loss: 0.0000, Avg Len: 184, LR: 0.00000072
Epoch:[1/1](192/500), Reward: 0.4085, Fmt: 1.00, Correct: 0.00, KL_ref: -0.0019, Adv Std: 0.9249, Actor Loss: 0.0000, Avg Len: 102, LR: 0.00000071
Epoch:[1/1](193/500), Reward: 0.3851, Fmt: 1.00, Correct: 0.00, KL_ref: -0.0008, Adv Std: 0.9250, Actor Loss: 0.0000, Avg Len: 95, LR: 0.00000071
Epoch:[1/1](194/500), Reward: 0.6226, Fmt: 1.00, Correct: 0.12, KL_ref: -0.0124, Adv Std: 0.9250, Actor Loss: 0.0006, Avg Len: 130, LR: 0.00000071
Epoch:[1/1](195/500), Reward: 0.3671, Fmt: 1.00, Correct: 0.00, KL_ref: 0.0010, Adv Std: 0.9248, Actor Loss: 0.0000, Avg Len: 146, LR: 0.00000071
Epoch:[1/1](196/500), Reward: 0.3492, Fmt: 1.00, Correct: 0.00, KL_ref: 0.0001, Adv Std: 0.9250, Actor Loss: 0.0000, Avg Len: 159, LR: 0.00000070
Epoch:[1/1](197/500), Reward: 0.6016, Fmt: 1.00, Correct: 0.12, KL_ref: -0.0010, Adv Std: 0.9254, Actor Loss: 0.0000, Avg Len: 161, LR: 0.00000070
Epoch:[1/1](198/500), Reward: 0.3348, Fmt: 1.00, Correct: 0.00, KL_ref: -0.0008, Adv Std: 0.9249, Actor Loss: 0.0000, Avg Len: 176, LR: 0.00000069
Epoch:[1/1](199/500), Reward: 0.3196, Fmt: 1.00, Correct: 0.00, KL_ref: -0.0023, Adv Std: 0.9246, Actor Loss: 0.0000, Avg Len: 189, LR: 0.00000069
Epoch:[1/1](200/500), Reward: 0.5915, Fmt: 1.00, Correct: 0.12, KL_ref: -0.0053, Adv Std: 0.9253, Actor Loss: 0.0002, Avg Len: 111, LR: 0.00000069
Epoch:[1/1](201/500), Reward: 0.3654, Fmt: 1.00, Correct: 0.00, KL_ref: -0.0017, Adv Std: 0.9251, Actor Loss: 0.0000, Avg Len: 148, LR: 0.00000069
Epoch:[1/1](202/500), Reward: 0.3479, Fmt: 1.00, Correct: 0.00, KL_ref: -0.0005, Adv Std: 0.9245, Actor Loss: 0.0000, Avg Len: 181, LR: 0.00000068
Epoch:[1/1](203/500), Reward: 0.3476, Fmt: 1.00, Correct: 0.00, KL_ref: -0.0006, Adv Std: 0.9249, Actor Loss: 0.0000, Avg Len: 135, LR: 0.00000068
Epoch:[1/1](204/500), Reward: 0.3689, Fmt: 1.00, Correct: 0.00, KL_ref: -0.0041, Adv Std: 0.9249, Actor Loss: 0.0001, Avg Len: 160, LR: 0.00000068
Epoch:[1/1](205/500), Reward: 0.3558, Fmt: 1.00, Correct: 0.00, KL_ref: -0.0002, Adv Std: 0.9248, Actor Loss: 0.0000, Avg Len: 122, LR: 0.00000068
Epoch:[1/1](206/500), Reward: 0.3330, Fmt: 1.00, Correct: 0.00, KL_ref: 0.0003, Adv Std: 0.9249, Actor Loss: 0.0000, Avg Len: 162, LR: 0.00000067
Epoch:[1/1](207/500), Reward: 0.4186, Fmt: 1.00, Correct: 0.00, KL_ref: -0.0065, Adv Std: 0.9238, Actor Loss: 0.0004, Avg Len: 95, LR: 0.00000067
Epoch:[1/1](208/500), Reward: 0.3751, Fmt: 1.00, Correct: 0.00, KL_ref: 0.0001, Adv Std: 0.9250, Actor Loss: 0.0000, Avg Len: 118, LR: 0.00000067
Epoch:[1/1](209/500), Reward: 0.3286, Fmt: 1.00, Correct: 0.00, KL_ref: -0.0009, Adv Std: 0.9250, Actor Loss: 0.0000, Avg Len: 185, LR: 0.00000067
Epoch:[1/1](210/500), Reward: 0.6135, Fmt: 1.00, Correct: 0.12, KL_ref: -0.0022, Adv Std: 0.9252, Actor Loss: 0.0000, Avg Len: 140, LR: 0.00000066
Epoch:[1/1](211/500), Reward: 0.2854, Fmt: 1.00, Correct: 0.00, KL_ref: -0.0021, Adv Std: 0.9241, Actor Loss: 0.0000, Avg Len: 206, LR: 0.00000066
Epoch:[1/1](212/500), Reward: 0.5237, Fmt: 1.00, Correct: 0.12, KL_ref: -0.0004, Adv Std: 0.6546, Actor Loss: 0.0000, Avg Len: 214, LR: 0.00000066
Epoch:[1/1](213/500), Reward: 0.3075, Fmt: 1.00, Correct: 0.00, KL_ref: 0.0006, Adv Std: 0.9248, Actor Loss: 0.0000, Avg Len: 191, LR: 0.00000066
Epoch:[1/1](214/500), Reward: 0.3565, Fmt: 1.00, Correct: 0.00, KL_ref: -0.0007, Adv Std: 0.9241, Actor Loss: 0.0000, Avg Len: 121, LR: 0.00000065
Epoch:[1/1](215/500), Reward: 0.4148, Fmt: 1.00, Correct: 0.00, KL_ref: -0.0019, Adv Std: 0.9245, Actor Loss: 0.0000, Avg Len: 90, LR: 0.00000065
Epoch:[1/1](216/500), Reward: 0.8503, Fmt: 1.00, Correct: 0.25, KL_ref: -0.0038, Adv Std: 0.9254, Actor Loss: 0.0001, Avg Len: 119, LR: 0.00000065
Epoch:[1/1](217/500), Reward: 0.3733, Fmt: 1.00, Correct: 0.00, KL_ref: -0.0025, Adv Std: 0.9249, Actor Loss: 0.0000, Avg Len: 173, LR: 0.00000065
Epoch:[1/1](218/500), Reward: 0.3840, Fmt: 1.00, Correct: 0.00, KL_ref: -0.0034, Adv Std: 0.9251, Actor Loss: 0.0000, Avg Len: 141, LR: 0.00000064
Epoch:[1/1](219/500), Reward: 0.3368, Fmt: 1.00, Correct: 0.00, KL_ref: -0.0080, Adv Std: 0.9245, Actor Loss: 0.0005, Avg Len: 165, LR: 0.00000064
Epoch:[1/1](220/500), Reward: 0.6162, Fmt: 1.00, Correct: 0.12, KL_ref: -0.0008, Adv Std: 0.9254, Actor Loss: 0.0000, Avg Len: 154, LR: 0.00000063
Epoch:[1/1](221/500), Reward: 0.3987, Fmt: 1.00, Correct: 0.00, KL_ref: -0.0068, Adv Std: 0.9250, Actor Loss: 0.0003, Avg Len: 100, LR: 0.00000063
Epoch:[1/1](222/500), Reward: 0.3462, Fmt: 1.00, Correct: 0.00, KL_ref: -0.0013, Adv Std: 0.9248, Actor Loss: 0.0000, Avg Len: 191, LR: 0.00000063
Epoch:[1/1](223/500), Reward: 0.3945, Fmt: 1.00, Correct: 0.00, KL_ref: -0.0021, Adv Std: 0.9248, Actor Loss: 0.0001, Avg Len: 138, LR: 0.00000063
Epoch:[1/1](224/500), Reward: 0.4078, Fmt: 1.00, Correct: 0.00, KL_ref: -0.0037, Adv Std: 0.9249, Actor Loss: 0.0001, Avg Len: 86, LR: 0.00000062
Epoch:[1/1](225/500), Reward: 0.4011, Fmt: 1.00, Correct: 0.00, KL_ref: 0.0004, Adv Std: 0.9249, Actor Loss: 0.0000, Avg Len: 132, LR: 0.00000062
Epoch:[1/1](226/500), Reward: 0.3137, Fmt: 1.00, Correct: 0.00, KL_ref: -0.0041, Adv Std: 0.9247, Actor Loss: 0.0001, Avg Len: 166, LR: 0.00000062
Epoch:[1/1](227/500), Reward: 0.4222, Fmt: 1.00, Correct: 0.00, KL_ref: -0.0011, Adv Std: 0.9248, Actor Loss: 0.0000, Avg Len: 82, LR: 0.00000062
Epoch:[1/1](228/500), Reward: 0.3454, Fmt: 1.00, Correct: 0.00, KL_ref: -0.0016, Adv Std: 0.9249, Actor Loss: 0.0000, Avg Len: 168, LR: 0.00000061
Epoch:[1/1](229/500), Reward: 0.3939, Fmt: 1.00, Correct: 0.00, KL_ref: -0.0023, Adv Std: 0.9247, Actor Loss: 0.0000, Avg Len: 133, LR: 0.00000061
Epoch:[1/1](230/500), Reward: 0.3188, Fmt: 1.00, Correct: 0.00, KL_ref: -0.0019, Adv Std: 0.9248, Actor Loss: 0.0000, Avg Len: 180, LR: 0.00000061
Epoch:[1/1](231/500), Reward: 0.3828, Fmt: 1.00, Correct: 0.00, KL_ref: -0.0006, Adv Std: 0.9250, Actor Loss: 0.0000, Avg Len: 126, LR: 0.00000061
Epoch:[1/1](232/500), Reward: 0.3387, Fmt: 1.00, Correct: 0.00, KL_ref: 0.0003, Adv Std: 0.9243, Actor Loss: 0.0000, Avg Len: 173, LR: 0.00000060
Epoch:[1/1](233/500), Reward: 0.3401, Fmt: 1.00, Correct: 0.00, KL_ref: -0.0008, Adv Std: 0.9249, Actor Loss: 0.0000, Avg Len: 147, LR: 0.00000060
Epoch:[1/1](234/500), Reward: 0.7150, Fmt: 1.00, Correct: 0.12, KL_ref: -0.0015, Adv Std: 0.9254, Actor Loss: 0.0000, Avg Len: 62, LR: 0.00000060
Epoch:[1/1](235/500), Reward: 0.3318, Fmt: 1.00, Correct: 0.00, KL_ref: -0.0005, Adv Std: 0.9246, Actor Loss: 0.0000, Avg Len: 223, LR: 0.00000060
Epoch:[1/1](236/500), Reward: 0.6081, Fmt: 1.00, Correct: 0.12, KL_ref: 0.0003, Adv Std: 0.9253, Actor Loss: 0.0000, Avg Len: 146, LR: 0.00000059
Epoch:[1/1](237/500), Reward: 0.4595, Fmt: 1.00, Correct: 0.00, KL_ref: -0.0093, Adv Std: 0.9241, Actor Loss: 0.0002, Avg Len: 67, LR: 0.00000059
Epoch:[1/1](238/500), Reward: 0.3720, Fmt: 1.00, Correct: 0.00, KL_ref: -0.0002, Adv Std: 0.9249, Actor Loss: 0.0000, Avg Len: 157, LR: 0.00000058
Epoch:[1/1](239/500), Reward: 0.2618, Fmt: 1.00, Correct: 0.00, KL_ref: -0.0012, Adv Std: 0.9201, Actor Loss: 0.0000, Avg Len: 215, LR: 0.00000058
Epoch:[1/1](240/500), Reward: 0.3682, Fmt: 1.00, Correct: 0.00, KL_ref: -0.0004, Adv Std: 0.9211, Actor Loss: 0.0000, Avg Len: 170, LR: 0.00000058
Epoch:[1/1](241/500), Reward: 0.3717, Fmt: 1.00, Correct: 0.00, KL_ref: -0.0002, Adv Std: 0.9249, Actor Loss: 0.0000, Avg Len: 154, LR: 0.00000058
Epoch:[1/1](242/500), Reward: 0.3472, Fmt: 1.00, Correct: 0.00, KL_ref: -0.0005, Adv Std: 0.9248, Actor Loss: 0.0000, Avg Len: 192, LR: 0.00000057
Epoch:[1/1](243/500), Reward: 0.6038, Fmt: 1.00, Correct: 0.12, KL_ref: -0.0010, Adv Std: 0.9254, Actor Loss: 0.0000, Avg Len: 167, LR: 0.00000057
Epoch:[1/1](244/500), Reward: 0.3647, Fmt: 1.00, Correct: 0.00, KL_ref: 0.0002, Adv Std: 0.9245, Actor Loss: 0.0000, Avg Len: 133, LR: 0.00000057
Epoch:[1/1](245/500), Reward: 0.2960, Fmt: 1.00, Correct: 0.00, KL_ref: -0.0009, Adv Std: 0.9243, Actor Loss: 0.0000, Avg Len: 190, LR: 0.00000057
Epoch:[1/1](246/500), Reward: 0.3711, Fmt: 1.00, Correct: 0.00, KL_ref: -0.0060, Adv Std: 0.9249, Actor Loss: 0.0001, Avg Len: 103, LR: 0.00000056
Epoch:[1/1](247/500), Reward: 0.2934, Fmt: 1.00, Correct: 0.00, KL_ref: -0.0003, Adv Std: 0.6538, Actor Loss: 0.0000, Avg Len: 189, LR: 0.00000056
Epoch:[1/1](248/500), Reward: 0.3727, Fmt: 1.00, Correct: 0.00, KL_ref: 0.0004, Adv Std: 0.9251, Actor Loss: 0.0000, Avg Len: 158, LR: 0.00000056
Epoch:[1/1](249/500), Reward: 0.3523, Fmt: 1.00, Correct: 0.00, KL_ref: -0.0033, Adv Std: 0.9248, Actor Loss: 0.0000, Avg Len: 132, LR: 0.00000056
Epoch:[1/1](250/500), Reward: 0.3524, Fmt: 1.00, Correct: 0.00, KL_ref: -0.0004, Adv Std: 0.9248, Actor Loss: 0.0000, Avg Len: 168, LR: 0.00000055
Epoch:[1/1](251/500), Reward: 0.3081, Fmt: 1.00, Correct: 0.00, KL_ref: -0.0002, Adv Std: 0.9240, Actor Loss: 0.0000, Avg Len: 197, LR: 0.00000055
Epoch:[1/1](252/500), Reward: 0.3514, Fmt: 1.00, Correct: 0.00, KL_ref: 0.0012, Adv Std: 0.9245, Actor Loss: 0.0000, Avg Len: 134, LR: 0.00000054
Epoch:[1/1](253/500), Reward: 0.3046, Fmt: 1.00, Correct: 0.00, KL_ref: -0.0006, Adv Std: 0.9243, Actor Loss: 0.0000, Avg Len: 176, LR: 0.00000054
Epoch:[1/1](254/500), Reward: 0.3920, Fmt: 1.00, Correct: 0.00, KL_ref: -0.0002, Adv Std: 0.9251, Actor Loss: 0.0000, Avg Len: 76, LR: 0.00000054
Epoch:[1/1](255/500), Reward: 0.3005, Fmt: 1.00, Correct: 0.00, KL_ref: 0.0004, Adv Std: 0.9232, Actor Loss: 0.0000, Avg Len: 181, LR: 0.00000054
Epoch:[1/1](256/500), Reward: 0.4611, Fmt: 1.00, Correct: 0.00, KL_ref: -0.0013, Adv Std: 0.9245, Actor Loss: 0.0000, Avg Len: 62, LR: 0.00000053
Epoch:[1/1](257/500), Reward: 0.2704, Fmt: 1.00, Correct: 0.00, KL_ref: -0.0016, Adv Std: 0.9213, Actor Loss: 0.0000, Avg Len: 195, LR: 0.00000053
Epoch:[1/1](258/500), Reward: 0.4335, Fmt: 1.00, Correct: 0.00, KL_ref: -0.0069, Adv Std: 0.9246, Actor Loss: 0.0002, Avg Len: 90, LR: 0.00000053
Epoch:[1/1](259/500), Reward: 0.4237, Fmt: 1.00, Correct: 0.00, KL_ref: 0.0003, Adv Std: 0.9246, Actor Loss: 0.0000, Avg Len: 86, LR: 0.00000053
Epoch:[1/1](260/500), Reward: 0.3373, Fmt: 1.00, Correct: 0.00, KL_ref: -0.0010, Adv Std: 0.9248, Actor Loss: 0.0000, Avg Len: 152, LR: 0.00000052
Epoch:[1/1](261/500), Reward: 0.3361, Fmt: 1.00, Correct: 0.00, KL_ref: -0.0007, Adv Std: 0.9249, Actor Loss: 0.0000, Avg Len: 161, LR: 0.00000052
Epoch:[1/1](262/500), Reward: 0.8077, Fmt: 1.00, Correct: 0.25, KL_ref: -0.0015, Adv Std: 0.9250, Actor Loss: 0.0000, Avg Len: 177, LR: 0.00000052
Epoch:[1/1](263/500), Reward: 0.3240, Fmt: 1.00, Correct: 0.00, KL_ref: -0.0000, Adv Std: 0.9247, Actor Loss: 0.0000, Avg Len: 153, LR: 0.00000052
Epoch:[1/1](264/500), Reward: 0.5751, Fmt: 1.00, Correct: 0.12, KL_ref: 0.0000, Adv Std: 0.9254, Actor Loss: 0.0000, Avg Len: 176, LR: 0.00000051
Epoch:[1/1](265/500), Reward: 0.3223, Fmt: 1.00, Correct: 0.00, KL_ref: -0.0004, Adv Std: 0.9236, Actor Loss: 0.0000, Avg Len: 182, LR: 0.00000051
Epoch:[1/1](266/500), Reward: 0.3219, Fmt: 1.00, Correct: 0.00, KL_ref: -0.0036, Adv Std: 0.9231, Actor Loss: 0.0001, Avg Len: 193, LR: 0.00000050
Epoch:[1/1](267/500), Reward: 0.3478, Fmt: 1.00, Correct: 0.00, KL_ref: -0.0005, Adv Std: 0.9248, Actor Loss: 0.0000, Avg Len: 153, LR: 0.00000050
Epoch:[1/1](268/500), Reward: 0.3943, Fmt: 1.00, Correct: 0.00, KL_ref: -0.0021, Adv Std: 0.9245, Actor Loss: 0.0000, Avg Len: 115, LR: 0.00000050
Epoch:[1/1](269/500), Reward: 0.3587, Fmt: 1.00, Correct: 0.00, KL_ref: -0.0003, Adv Std: 0.9250, Actor Loss: 0.0000, Avg Len: 158, LR: 0.00000050
Epoch:[1/1](270/500), Reward: 0.3481, Fmt: 1.00, Correct: 0.00, KL_ref: -0.0018, Adv Std: 0.9243, Actor Loss: 0.0000, Avg Len: 115, LR: 0.00000049
Epoch:[1/1](271/500), Reward: 0.3984, Fmt: 1.00, Correct: 0.00, KL_ref: -0.0020, Adv Std: 0.9246, Actor Loss: 0.0001, Avg Len: 138, LR: 0.00000049
Epoch:[1/1](272/500), Reward: 0.3077, Fmt: 1.00, Correct: 0.00, KL_ref: -0.0006, Adv Std: 0.9240, Actor Loss: 0.0000, Avg Len: 202, LR: 0.00000049
Epoch:[1/1](273/500), Reward: 0.3064, Fmt: 1.00, Correct: 0.00, KL_ref: -0.0000, Adv Std: 0.9246, Actor Loss: 0.0000, Avg Len: 171, LR: 0.00000049
Epoch:[1/1](274/500), Reward: 0.9109, Fmt: 1.00, Correct: 0.25, KL_ref: -0.0052, Adv Std: 0.9255, Actor Loss: 0.0002, Avg Len: 120, LR: 0.00000048
Epoch:[1/1](275/500), Reward: 0.3063, Fmt: 1.00, Correct: 0.00, KL_ref: -0.0013, Adv Std: 0.9244, Actor Loss: 0.0000, Avg Len: 144, LR: 0.00000048
Epoch:[1/1](276/500), Reward: 0.5849, Fmt: 1.00, Correct: 0.12, KL_ref: -0.0015, Adv Std: 0.9253, Actor Loss: 0.0000, Avg Len: 162, LR: 0.00000048
Epoch:[1/1](277/500), Reward: 0.3996, Fmt: 1.00, Correct: 0.00, KL_ref: -0.0024, Adv Std: 0.9248, Actor Loss: 0.0000, Avg Len: 103, LR: 0.00000048
Epoch:[1/1](278/500), Reward: 0.3330, Fmt: 1.00, Correct: 0.00, KL_ref: -0.0089, Adv Std: 0.9250, Actor Loss: 0.0005, Avg Len: 147, LR: 0.00000047
Epoch:[1/1](279/500), Reward: 0.3230, Fmt: 1.00, Correct: 0.00, KL_ref: -0.0012, Adv Std: 0.9247, Actor Loss: 0.0000, Avg Len: 174, LR: 0.00000047
Epoch:[1/1](280/500), Reward: 0.3684, Fmt: 1.00, Correct: 0.00, KL_ref: -0.0014, Adv Std: 0.9249, Actor Loss: 0.0000, Avg Len: 131, LR: 0.00000047
Epoch:[1/1](281/500), Reward: 0.6727, Fmt: 1.00, Correct: 0.12, KL_ref: -0.0067, Adv Std: 0.9251, Actor Loss: 0.0001, Avg Len: 106, LR: 0.00000047
Epoch:[1/1](282/500), Reward: 0.3244, Fmt: 1.00, Correct: 0.00, KL_ref: -0.0019, Adv Std: 0.9247, Actor Loss: 0.0000, Avg Len: 158, LR: 0.00000046
Epoch:[1/1](283/500), Reward: 0.4071, Fmt: 1.00, Correct: 0.00, KL_ref: -0.0021, Adv Std: 0.9251, Actor Loss: 0.0000, Avg Len: 102, LR: 0.00000046
Epoch:[1/1](284/500), Reward: 0.3077, Fmt: 1.00, Correct: 0.00, KL_ref: -0.0008, Adv Std: 0.9188, Actor Loss: 0.0000, Avg Len: 160, LR: 0.00000045
Epoch:[1/1](285/500), Reward: 0.3363, Fmt: 1.00, Correct: 0.00, KL_ref: -0.0020, Adv Std: 0.9250, Actor Loss: 0.0000, Avg Len: 172, LR: 0.00000045
Epoch:[1/1](286/500), Reward: 0.3470, Fmt: 1.00, Correct: 0.00, KL_ref: -0.0008, Adv Std: 0.9242, Actor Loss: 0.0000, Avg Len: 133, LR: 0.00000045
Epoch:[1/1](287/500), Reward: 0.3936, Fmt: 1.00, Correct: 0.00, KL_ref: 0.0005, Adv Std: 0.9249, Actor Loss: 0.0000, Avg Len: 115, LR: 0.00000045
Epoch:[1/1](288/500), Reward: 0.2945, Fmt: 1.00, Correct: 0.00, KL_ref: -0.0006, Adv Std: 0.9245, Actor Loss: 0.0000, Avg Len: 197, LR: 0.00000044
Epoch:[1/1](289/500), Reward: 0.3503, Fmt: 1.00, Correct: 0.00, KL_ref: -0.0001, Adv Std: 0.9246, Actor Loss: 0.0000, Avg Len: 143, LR: 0.00000044
Epoch:[1/1](290/500), Reward: 0.3337, Fmt: 1.00, Correct: 0.00, KL_ref: -0.0015, Adv Std: 0.9250, Actor Loss: 0.0000, Avg Len: 196, LR: 0.00000044
Epoch:[1/1](291/500), Reward: 0.3643, Fmt: 1.00, Correct: 0.00, KL_ref: -0.0035, Adv Std: 0.9250, Actor Loss: 0.0002, Avg Len: 165, LR: 0.00000044
Epoch:[1/1](292/500), Reward: 0.3216, Fmt: 1.00, Correct: 0.00, KL_ref: 0.0001, Adv Std: 0.9249, Actor Loss: 0.0000, Avg Len: 165, LR: 0.00000043
Epoch:[1/1](293/500), Reward: 0.3084, Fmt: 1.00, Correct: 0.00, KL_ref: -0.0005, Adv Std: 0.9242, Actor Loss: 0.0000, Avg Len: 144, LR: 0.00000043
Epoch:[1/1](294/500), Reward: 0.3841, Fmt: 1.00, Correct: 0.00, KL_ref: -0.0016, Adv Std: 0.9251, Actor Loss: 0.0000, Avg Len: 162, LR: 0.00000043
Epoch:[1/1](295/500), Reward: 0.3917, Fmt: 1.00, Correct: 0.00, KL_ref: -0.0046, Adv Std: 0.9251, Actor Loss: 0.0001, Avg Len: 105, LR: 0.00000043
Epoch:[1/1](296/500), Reward: 0.4242, Fmt: 1.00, Correct: 0.00, KL_ref: -0.0022, Adv Std: 0.9240, Actor Loss: 0.0000, Avg Len: 116, LR: 0.00000042
Epoch:[1/1](297/500), Reward: 0.4672, Fmt: 1.00, Correct: 0.00, KL_ref: -0.0070, Adv Std: 0.9232, Actor Loss: 0.0002, Avg Len: 86, LR: 0.00000042
Epoch:[1/1](298/500), Reward: 0.3816, Fmt: 1.00, Correct: 0.00, KL_ref: 0.0004, Adv Std: 0.9251, Actor Loss: 0.0000, Avg Len: 107, LR: 0.00000042
Epoch:[1/1](299/500), Reward: 0.3622, Fmt: 1.00, Correct: 0.00, KL_ref: 0.0007, Adv Std: 0.9251, Actor Loss: 0.0000, Avg Len: 160, LR: 0.00000042
Epoch:[1/1](300/500), Reward: 0.3620, Fmt: 1.00, Correct: 0.00, KL_ref: -0.0024, Adv Std: 0.9249, Actor Loss: 0.0000, Avg Len: 145, LR: 0.00000041
Epoch:[1/1](301/500), Reward: 0.4016, Fmt: 1.00, Correct: 0.00, KL_ref: -0.0014, Adv Std: 0.9247, Actor Loss: 0.0000, Avg Len: 121, LR: 0.00000041
Epoch:[1/1](302/500), Reward: 0.5751, Fmt: 1.00, Correct: 0.12, KL_ref: -0.0014, Adv Std: 0.9254, Actor Loss: 0.0000, Avg Len: 160, LR: 0.00000041
Epoch:[1/1](303/500), Reward: 0.3280, Fmt: 1.00, Correct: 0.00, KL_ref: -0.0000, Adv Std: 0.9243, Actor Loss: 0.0000, Avg Len: 196, LR: 0.00000041
Epoch:[1/1](304/500), Reward: 0.5532, Fmt: 1.00, Correct: 0.12, KL_ref: -0.0013, Adv Std: 0.9254, Actor Loss: 0.0000, Avg Len: 206, LR: 0.00000040
Epoch:[1/1](305/500), Reward: 0.3329, Fmt: 1.00, Correct: 0.00, KL_ref: -0.0010, Adv Std: 0.9246, Actor Loss: 0.0000, Avg Len: 176, LR: 0.00000040
Epoch:[1/1](306/500), Reward: 0.4190, Fmt: 1.00, Correct: 0.00, KL_ref: 0.0014, Adv Std: 0.9250, Actor Loss: 0.0000, Avg Len: 118, LR: 0.00000039
Epoch:[1/1](307/500), Reward: 0.3699, Fmt: 1.00, Correct: 0.00, KL_ref: 0.0004, Adv Std: 0.9249, Actor Loss: 0.0000, Avg Len: 145, LR: 0.00000039
Epoch:[1/1](308/500), Reward: 0.3642, Fmt: 1.00, Correct: 0.00, KL_ref: 0.0008, Adv Std: 0.9251, Actor Loss: 0.0000, Avg Len: 156, LR: 0.00000039
Epoch:[1/1](309/500), Reward: 0.4230, Fmt: 1.00, Correct: 0.00, KL_ref: -0.0005, Adv Std: 0.9244, Actor Loss: 0.0000, Avg Len: 86, LR: 0.00000039
Epoch:[1/1](310/500), Reward: 0.3362, Fmt: 1.00, Correct: 0.00, KL_ref: 0.0003, Adv Std: 0.9247, Actor Loss: 0.0000, Avg Len: 153, LR: 0.00000038
Epoch:[1/1](311/500), Reward: 0.3097, Fmt: 1.00, Correct: 0.00, KL_ref: -0.0007, Adv Std: 0.9246, Actor Loss: 0.0000, Avg Len: 146, LR: 0.00000038
Epoch:[1/1](312/500), Reward: 0.3976, Fmt: 1.00, Correct: 0.00, KL_ref: -0.0004, Adv Std: 0.9247, Actor Loss: 0.0000, Avg Len: 123, LR: 0.00000038
Epoch:[1/1](313/500), Reward: 0.3315, Fmt: 1.00, Correct: 0.00, KL_ref: 0.0010, Adv Std: 0.9248, Actor Loss: 0.0000, Avg Len: 177, LR: 0.00000038
Epoch:[1/1](314/500), Reward: 0.3590, Fmt: 1.00, Correct: 0.00, KL_ref: -0.0017, Adv Std: 0.9249, Actor Loss: 0.0000, Avg Len: 139, LR: 0.00000037
Epoch:[1/1](315/500), Reward: 0.4346, Fmt: 1.00, Correct: 0.00, KL_ref: -0.0015, Adv Std: 0.9244, Actor Loss: 0.0000, Avg Len: 92, LR: 0.00000037
Epoch:[1/1](316/500), Reward: 0.3511, Fmt: 1.00, Correct: 0.00, KL_ref: -0.0005, Adv Std: 0.9251, Actor Loss: 0.0000, Avg Len: 132, LR: 0.00000037
Epoch:[1/1](317/500), Reward: 0.3403, Fmt: 1.00, Correct: 0.00, KL_ref: -0.0039, Adv Std: 0.9250, Actor Loss: 0.0003, Avg Len: 173, LR: 0.00000037
Epoch:[1/1](318/500), Reward: 0.3573, Fmt: 1.00, Correct: 0.00, KL_ref: 0.0008, Adv Std: 0.9250, Actor Loss: 0.0000, Avg Len: 130, LR: 0.00000036
Epoch:[1/1](319/500), Reward: 0.3716, Fmt: 1.00, Correct: 0.00, KL_ref: 0.0009, Adv Std: 0.9249, Actor Loss: 0.0000, Avg Len: 99, LR: 0.00000036
Epoch:[1/1](320/500), Reward: 0.3931, Fmt: 1.00, Correct: 0.00, KL_ref: -0.0115, Adv Std: 0.9249, Actor Loss: 0.0005, Avg Len: 102, LR: 0.00000036
Epoch:[1/1](321/500), Reward: 0.3259, Fmt: 1.00, Correct: 0.00, KL_ref: -0.0040, Adv Std: 0.9244, Actor Loss: 0.0001, Avg Len: 175, LR: 0.00000036
Epoch:[1/1](322/500), Reward: 0.3685, Fmt: 1.00, Correct: 0.00, KL_ref: 0.0005, Adv Std: 0.9243, Actor Loss: 0.0000, Avg Len: 112, LR: 0.00000035
Epoch:[1/1](323/500), Reward: 0.3805, Fmt: 1.00, Correct: 0.00, KL_ref: -0.0005, Adv Std: 0.9245, Actor Loss: 0.0000, Avg Len: 122, LR: 0.00000035
Epoch:[1/1](324/500), Reward: 0.4420, Fmt: 1.00, Correct: 0.00, KL_ref: -0.0033, Adv Std: 0.9245, Actor Loss: 0.0001, Avg Len: 85, LR: 0.00000035
Epoch:[1/1](325/500), Reward: 0.3918, Fmt: 1.00, Correct: 0.00, KL_ref: -0.0093, Adv Std: 0.9248, Actor Loss: 0.0006, Avg Len: 88, LR: 0.00000035
Epoch:[1/1](326/500), Reward: 0.3111, Fmt: 1.00, Correct: 0.00, KL_ref: -0.0003, Adv Std: 0.9245, Actor Loss: 0.0000, Avg Len: 197, LR: 0.00000034
Epoch:[1/1](327/500), Reward: 0.3227, Fmt: 1.00, Correct: 0.00, KL_ref: -0.0006, Adv Std: 0.9248, Actor Loss: 0.0000, Avg Len: 171, LR: 0.00000034
Epoch:[1/1](328/500), Reward: 0.3493, Fmt: 1.00, Correct: 0.00, KL_ref: 0.0000, Adv Std: 0.9248, Actor Loss: 0.0000, Avg Len: 148, LR: 0.00000034
Epoch:[1/1](329/500), Reward: 0.3873, Fmt: 1.00, Correct: 0.00, KL_ref: -0.0015, Adv Std: 0.9251, Actor Loss: 0.0000, Avg Len: 130, LR: 0.00000034
Epoch:[1/1](330/500), Reward: 0.3872, Fmt: 1.00, Correct: 0.00, KL_ref: 0.0007, Adv Std: 0.9249, Actor Loss: 0.0000, Avg Len: 137, LR: 0.00000033
Epoch:[1/1](331/500), Reward: 0.4487, Fmt: 1.00, Correct: 0.00, KL_ref: -0.0016, Adv Std: 0.9237, Actor Loss: 0.0000, Avg Len: 90, LR: 0.00000033
Epoch:[1/1](332/500), Reward: 0.4005, Fmt: 1.00, Correct: 0.00, KL_ref: -0.0001, Adv Std: 0.9251, Actor Loss: 0.0000, Avg Len: 99, LR: 0.00000033
Epoch:[1/1](333/500), Reward: 0.3764, Fmt: 1.00, Correct: 0.00, KL_ref: -0.0021, Adv Std: 0.9241, Actor Loss: 0.0000, Avg Len: 118, LR: 0.00000033
Epoch:[1/1](334/500), Reward: 0.4062, Fmt: 1.00, Correct: 0.00, KL_ref: -0.0013, Adv Std: 0.9251, Actor Loss: 0.0000, Avg Len: 111, LR: 0.00000032
Epoch:[1/1](335/500), Reward: 0.3982, Fmt: 1.00, Correct: 0.00, KL_ref: 0.0010, Adv Std: 0.9249, Actor Loss: 0.0000, Avg Len: 120, LR: 0.00000032
Epoch:[1/1](336/500), Reward: 0.3562, Fmt: 1.00, Correct: 0.00, KL_ref: -0.0004, Adv Std: 0.9248, Actor Loss: 0.0000, Avg Len: 105, LR: 0.00000032
Epoch:[1/1](337/500), Reward: 0.3245, Fmt: 1.00, Correct: 0.00, KL_ref: -0.0018, Adv Std: 0.9249, Actor Loss: 0.0000, Avg Len: 174, LR: 0.00000032
Epoch:[1/1](338/500), Reward: 0.3343, Fmt: 1.00, Correct: 0.00, KL_ref: -0.0003, Adv Std: 0.9247, Actor Loss: 0.0000, Avg Len: 174, LR: 0.00000031
Epoch:[1/1](339/500), Reward: 0.3791, Fmt: 1.00, Correct: 0.00, KL_ref: 0.0001, Adv Std: 0.9251, Actor Loss: 0.0000, Avg Len: 141, LR: 0.00000031
Epoch:[1/1](340/500), Reward: 0.2928, Fmt: 1.00, Correct: 0.00, KL_ref: -0.0011, Adv Std: 0.9228, Actor Loss: 0.0000, Avg Len: 193, LR: 0.00000031
Epoch:[1/1](341/500), Reward: 0.3350, Fmt: 1.00, Correct: 0.00, KL_ref: -0.0008, Adv Std: 0.9247, Actor Loss: 0.0000, Avg Len: 128, LR: 0.00000031
Epoch:[1/1](342/500), Reward: 0.6294, Fmt: 1.00, Correct: 0.12, KL_ref: -0.0017, Adv Std: 0.9252, Actor Loss: 0.0000, Avg Len: 135, LR: 0.00000030
Epoch:[1/1](343/500), Reward: 0.4492, Fmt: 1.00, Correct: 0.00, KL_ref: -0.0020, Adv Std: 0.9244, Actor Loss: 0.0000, Avg Len: 78, LR: 0.00000030
Epoch:[1/1](344/500), Reward: 0.3565, Fmt: 1.00, Correct: 0.00, KL_ref: -0.0008, Adv Std: 0.9249, Actor Loss: 0.0000, Avg Len: 134, LR: 0.00000030
Epoch:[1/1](345/500), Reward: 0.3218, Fmt: 1.00, Correct: 0.00, KL_ref: -0.0030, Adv Std: 0.9248, Actor Loss: 0.0001, Avg Len: 185, LR: 0.00000030
Epoch:[1/1](346/500), Reward: 0.5439, Fmt: 1.00, Correct: 0.12, KL_ref: -0.0006, Adv Std: 0.9247, Actor Loss: 0.0000, Avg Len: 222, LR: 0.00000029
Epoch:[1/1](347/500), Reward: 0.3052, Fmt: 1.00, Correct: 0.00, KL_ref: 0.0001, Adv Std: 0.9244, Actor Loss: 0.0000, Avg Len: 181, LR: 0.00000029
Epoch:[1/1](348/500), Reward: 0.3589, Fmt: 1.00, Correct: 0.00, KL_ref: -0.0013, Adv Std: 0.9250, Actor Loss: 0.0000, Avg Len: 136, LR: 0.00000029
Epoch:[1/1](349/500), Reward: 0.4085, Fmt: 1.00, Correct: 0.00, KL_ref: 0.0002, Adv Std: 0.9247, Actor Loss: 0.0000, Avg Len: 130, LR: 0.00000029
Epoch:[1/1](350/500), Reward: 0.3587, Fmt: 1.00, Correct: 0.00, KL_ref: -0.0004, Adv Std: 0.9249, Actor Loss: 0.0000, Avg Len: 151, LR: 0.00000029
Epoch:[1/1](351/500), Reward: 0.3363, Fmt: 1.00, Correct: 0.00, KL_ref: -0.0016, Adv Std: 0.9248, Actor Loss: 0.0000, Avg Len: 160, LR: 0.00000029
Epoch:[1/1](352/500), Reward: 0.3188, Fmt: 1.00, Correct: 0.00, KL_ref: -0.0016, Adv Std: 0.9245, Actor Loss: 0.0000, Avg Len: 184, LR: 0.00000028
Epoch:[1/1](353/500), Reward: 0.3055, Fmt: 1.00, Correct: 0.00, KL_ref: -0.0000, Adv Std: 0.9243, Actor Loss: 0.0000, Avg Len: 162, LR: 0.00000028
Epoch:[1/1](354/500), Reward: 0.3622, Fmt: 1.00, Correct: 0.00, KL_ref: -0.0040, Adv Std: 0.9251, Actor Loss: 0.0001, Avg Len: 143, LR: 0.00000028
Epoch:[1/1](355/500), Reward: 0.3237, Fmt: 1.00, Correct: 0.00, KL_ref: 0.0004, Adv Std: 0.9247, Actor Loss: 0.0000, Avg Len: 173, LR: 0.00000028
Epoch:[1/1](356/500), Reward: 0.3953, Fmt: 1.00, Correct: 0.00, KL_ref: 0.0002, Adv Std: 0.9250, Actor Loss: 0.0000, Avg Len: 105, LR: 0.00000027
Epoch:[1/1](357/500), Reward: 0.3997, Fmt: 1.00, Correct: 0.00, KL_ref: -0.0023, Adv Std: 0.9235, Actor Loss: 0.0000, Avg Len: 124, LR: 0.00000027
Epoch:[1/1](358/500), Reward: 0.3926, Fmt: 1.00, Correct: 0.00, KL_ref: -0.0004, Adv Std: 0.9251, Actor Loss: 0.0000, Avg Len: 127, LR: 0.00000027
Epoch:[1/1](359/500), Reward: 0.5812, Fmt: 1.00, Correct: 0.12, KL_ref: -0.0008, Adv Std: 0.9254, Actor Loss: 0.0000, Avg Len: 150, LR: 0.00000027
Epoch:[1/1](360/500), Reward: 0.3026, Fmt: 1.00, Correct: 0.00, KL_ref: -0.0008, Adv Std: 0.9240, Actor Loss: 0.0000, Avg Len: 184, LR: 0.00000026
Epoch:[1/1](361/500), Reward: 0.5887, Fmt: 1.00, Correct: 0.12, KL_ref: -0.0002, Adv Std: 0.9250, Actor Loss: 0.0000, Avg Len: 149, LR: 0.00000026
Epoch:[1/1](362/500), Reward: 0.3483, Fmt: 1.00, Correct: 0.00, KL_ref: -0.0008, Adv Std: 0.9251, Actor Loss: 0.0000, Avg Len: 133, LR: 0.00000026
Epoch:[1/1](363/500), Reward: 0.3468, Fmt: 1.00, Correct: 0.00, KL_ref: -0.0013, Adv Std: 0.9247, Actor Loss: 0.0000, Avg Len: 151, LR: 0.00000026
Epoch:[1/1](364/500), Reward: 0.4230, Fmt: 1.00, Correct: 0.00, KL_ref: -0.0019, Adv Std: 0.9251, Actor Loss: 0.0000, Avg Len: 90, LR: 0.00000025
Epoch:[1/1](365/500), Reward: 0.4047, Fmt: 1.00, Correct: 0.00, KL_ref: -0.0010, Adv Std: 0.9247, Actor Loss: 0.0000, Avg Len: 110, LR: 0.00000025
Epoch:[1/1](366/500), Reward: 0.3109, Fmt: 1.00, Correct: 0.00, KL_ref: -0.0008, Adv Std: 0.9248, Actor Loss: 0.0000, Avg Len: 179, LR: 0.00000025
Epoch:[1/1](367/500), Reward: 0.3402, Fmt: 1.00, Correct: 0.00, KL_ref: -0.0096, Adv Std: 0.9250, Actor Loss: 0.0002, Avg Len: 164, LR: 0.00000025
Epoch:[1/1](368/500), Reward: 0.4017, Fmt: 1.00, Correct: 0.00, KL_ref: -0.0005, Adv Std: 0.9234, Actor Loss: 0.0000, Avg Len: 113, LR: 0.00000025
Epoch:[1/1](369/500), Reward: 0.3595, Fmt: 1.00, Correct: 0.00, KL_ref: 0.0002, Adv Std: 0.9249, Actor Loss: 0.0000, Avg Len: 126, LR: 0.00000025
Epoch:[1/1](370/500), Reward: 0.3814, Fmt: 1.00, Correct: 0.00, KL_ref: -0.0084, Adv Std: 0.9251, Actor Loss: 0.0008, Avg Len: 133, LR: 0.00000024
Epoch:[1/1](371/500), Reward: 0.3462, Fmt: 1.00, Correct: 0.00, KL_ref: -0.0022, Adv Std: 0.9250, Actor Loss: 0.0001, Avg Len: 119, LR: 0.00000024
Epoch:[1/1](372/500), Reward: 0.3850, Fmt: 1.00, Correct: 0.00, KL_ref: -0.0004, Adv Std: 0.9248, Actor Loss: 0.0000, Avg Len: 124, LR: 0.00000024
Epoch:[1/1](373/500), Reward: 0.3430, Fmt: 1.00, Correct: 0.00, KL_ref: -0.0021, Adv Std: 0.9214, Actor Loss: 0.0000, Avg Len: 163, LR: 0.00000024
Epoch:[1/1](374/500), Reward: 0.6267, Fmt: 1.00, Correct: 0.12, KL_ref: -0.0005, Adv Std: 0.9253, Actor Loss: 0.0000, Avg Len: 132, LR: 0.00000023
Epoch:[1/1](375/500), Reward: 0.3301, Fmt: 1.00, Correct: 0.00, KL_ref: -0.0009, Adv Std: 0.9251, Actor Loss: 0.0000, Avg Len: 193, LR: 0.00000023
Epoch:[1/1](376/500), Reward: 0.5709, Fmt: 1.00, Correct: 0.12, KL_ref: -0.0002, Adv Std: 0.9253, Actor Loss: 0.0000, Avg Len: 174, LR: 0.00000023
Epoch:[1/1](377/500), Reward: 0.3565, Fmt: 1.00, Correct: 0.00, KL_ref: -0.0029, Adv Std: 0.9244, Actor Loss: 0.0000, Avg Len: 136, LR: 0.00000023
Epoch:[1/1](378/500), Reward: 0.3570, Fmt: 1.00, Correct: 0.00, KL_ref: -0.0060, Adv Std: 0.9246, Actor Loss: 0.0001, Avg Len: 94, LR: 0.00000023
Epoch:[1/1](379/500), Reward: 0.2855, Fmt: 1.00, Correct: 0.00, KL_ref: -0.0001, Adv Std: 0.9245, Actor Loss: 0.0000, Avg Len: 216, LR: 0.00000023
Epoch:[1/1](380/500), Reward: 0.8180, Fmt: 1.00, Correct: 0.25, KL_ref: -0.0003, Adv Std: 0.9250, Actor Loss: 0.0000, Avg Len: 143, LR: 0.00000022
Epoch:[1/1](381/500), Reward: 0.3274, Fmt: 1.00, Correct: 0.00, KL_ref: -0.0004, Adv Std: 0.9249, Actor Loss: 0.0000, Avg Len: 150, LR: 0.00000022
Epoch:[1/1](382/500), Reward: 0.3594, Fmt: 1.00, Correct: 0.00, KL_ref: -0.0065, Adv Std: 0.9248, Actor Loss: 0.0002, Avg Len: 101, LR: 0.00000022
Epoch:[1/1](383/500), Reward: 0.3611, Fmt: 1.00, Correct: 0.00, KL_ref: -0.0068, Adv Std: 0.9250, Actor Loss: 0.0002, Avg Len: 112, LR: 0.00000022
Epoch:[1/1](384/500), Reward: 0.3495, Fmt: 1.00, Correct: 0.00, KL_ref: -0.0012, Adv Std: 0.9245, Actor Loss: 0.0000, Avg Len: 153, LR: 0.00000021
Epoch:[1/1](385/500), Reward: 0.3593, Fmt: 1.00, Correct: 0.00, KL_ref: -0.0017, Adv Std: 0.9247, Actor Loss: 0.0000, Avg Len: 139, LR: 0.00000021
Epoch:[1/1](386/500), Reward: 0.3247, Fmt: 1.00, Correct: 0.00, KL_ref: -0.0021, Adv Std: 0.9246, Actor Loss: 0.0000, Avg Len: 182, LR: 0.00000021
Epoch:[1/1](387/500), Reward: 0.3831, Fmt: 1.00, Correct: 0.00, KL_ref: -0.0002, Adv Std: 0.9249, Actor Loss: 0.0000, Avg Len: 74, LR: 0.00000021
Epoch:[1/1](388/500), Reward: 0.3403, Fmt: 1.00, Correct: 0.00, KL_ref: 0.0007, Adv Std: 0.9249, Actor Loss: 0.0000, Avg Len: 148, LR: 0.00000021
Epoch:[1/1](389/500), Reward: 0.3521, Fmt: 1.00, Correct: 0.00, KL_ref: -0.0069, Adv Std: 0.9244, Actor Loss: 0.0006, Avg Len: 142, LR: 0.00000021
Epoch:[1/1](390/500), Reward: 0.6265, Fmt: 1.00, Correct: 0.12, KL_ref: 0.0001, Adv Std: 0.9253, Actor Loss: 0.0000, Avg Len: 108, LR: 0.00000020
Epoch:[1/1](391/500), Reward: 0.3629, Fmt: 1.00, Correct: 0.00, KL_ref: -0.0043, Adv Std: 0.9248, Actor Loss: 0.0002, Avg Len: 140, LR: 0.00000020
Epoch:[1/1](392/500), Reward: 0.3158, Fmt: 1.00, Correct: 0.00, KL_ref: -0.0003, Adv Std: 0.9247, Actor Loss: 0.0000, Avg Len: 184, LR: 0.00000020
Epoch:[1/1](393/500), Reward: 0.3475, Fmt: 1.00, Correct: 0.00, KL_ref: 0.0005, Adv Std: 0.9250, Actor Loss: 0.0000, Avg Len: 126, LR: 0.00000020
Epoch:[1/1](394/500), Reward: 0.3240, Fmt: 1.00, Correct: 0.00, KL_ref: -0.0002, Adv Std: 0.9249, Actor Loss: 0.0000, Avg Len: 170, LR: 0.00000020
Epoch:[1/1](395/500), Reward: 0.3543, Fmt: 1.00, Correct: 0.00, KL_ref: -0.0016, Adv Std: 0.9251, Actor Loss: 0.0000, Avg Len: 138, LR: 0.00000020
Epoch:[1/1](396/500), Reward: 0.3330, Fmt: 1.00, Correct: 0.00, KL_ref: -0.0007, Adv Std: 0.6541, Actor Loss: 0.0000, Avg Len: 185, LR: 0.00000019
Epoch:[1/1](397/500), Reward: 0.3899, Fmt: 1.00, Correct: 0.00, KL_ref: 0.0000, Adv Std: 0.9246, Actor Loss: 0.0000, Avg Len: 73, LR: 0.00000019
Epoch:[1/1](398/500), Reward: 0.3869, Fmt: 1.00, Correct: 0.00, KL_ref: -0.0018, Adv Std: 0.9248, Actor Loss: 0.0000, Avg Len: 130, LR: 0.00000019
Epoch:[1/1](399/500), Reward: 0.6671, Fmt: 1.00, Correct: 0.12, KL_ref: -0.0007, Adv Std: 0.9253, Actor Loss: 0.0000, Avg Len: 109, LR: 0.00000019
Epoch:[1/1](400/500), Reward: 0.3912, Fmt: 1.00, Correct: 0.00, KL_ref: -0.0035, Adv Std: 0.9249, Actor Loss: 0.0001, Avg Len: 90, LR: 0.00000019
Epoch:[1/1](401/500), Reward: 0.3709, Fmt: 1.00, Correct: 0.00, KL_ref: 0.0002, Adv Std: 0.9249, Actor Loss: 0.0000, Avg Len: 153, LR: 0.00000019
Epoch:[1/1](402/500), Reward: 0.3209, Fmt: 1.00, Correct: 0.00, KL_ref: -0.0004, Adv Std: 0.9249, Actor Loss: 0.0000, Avg Len: 186, LR: 0.00000018
Epoch:[1/1](403/500), Reward: 0.3852, Fmt: 1.00, Correct: 0.00, KL_ref: 0.0001, Adv Std: 0.9248, Actor Loss: 0.0000, Avg Len: 156, LR: 0.00000018
Epoch:[1/1](404/500), Reward: 0.3371, Fmt: 1.00, Correct: 0.00, KL_ref: 0.0005, Adv Std: 0.9245, Actor Loss: 0.0000, Avg Len: 162, LR: 0.00000018
Epoch:[1/1](405/500), Reward: 0.3549, Fmt: 1.00, Correct: 0.00, KL_ref: -0.0002, Adv Std: 0.9250, Actor Loss: 0.0000, Avg Len: 133, LR: 0.00000018
Epoch:[1/1](406/500), Reward: 0.3225, Fmt: 1.00, Correct: 0.00, KL_ref: -0.0011, Adv Std: 0.9247, Actor Loss: 0.0000, Avg Len: 155, LR: 0.00000018
Epoch:[1/1](407/500), Reward: 0.5277, Fmt: 1.00, Correct: 0.12, KL_ref: -0.0003, Adv Std: 0.9234, Actor Loss: 0.0000, Avg Len: 184, LR: 0.00000018
Epoch:[1/1](408/500), Reward: 0.3734, Fmt: 1.00, Correct: 0.00, KL_ref: 0.0000, Adv Std: 0.9249, Actor Loss: 0.0000, Avg Len: 134, LR: 0.00000017
Epoch:[1/1](409/500), Reward: 0.3460, Fmt: 1.00, Correct: 0.00, KL_ref: 0.0004, Adv Std: 0.9242, Actor Loss: 0.0000, Avg Len: 133, LR: 0.00000017
Epoch:[1/1](410/500), Reward: 0.8146, Fmt: 1.00, Correct: 0.25, KL_ref: -0.0008, Adv Std: 0.9244, Actor Loss: 0.0000, Avg Len: 178, LR: 0.00000017
Epoch:[1/1](411/500), Reward: 0.4412, Fmt: 1.00, Correct: 0.00, KL_ref: -0.0033, Adv Std: 0.9232, Actor Loss: 0.0001, Avg Len: 90, LR: 0.00000017
Epoch:[1/1](412/500), Reward: 0.3647, Fmt: 1.00, Correct: 0.00, KL_ref: -0.0082, Adv Std: 0.9244, Actor Loss: 0.0004, Avg Len: 138, LR: 0.00000017
Epoch:[1/1](413/500), Reward: 0.3816, Fmt: 1.00, Correct: 0.00, KL_ref: -0.0007, Adv Std: 0.9250, Actor Loss: 0.0000, Avg Len: 112, LR: 0.00000017
Epoch:[1/1](414/500), Reward: 0.4056, Fmt: 1.00, Correct: 0.00, KL_ref: 0.0004, Adv Std: 0.9248, Actor Loss: 0.0000, Avg Len: 101, LR: 0.00000016
Epoch:[1/1](415/500), Reward: 0.3067, Fmt: 1.00, Correct: 0.00, KL_ref: -0.0026, Adv Std: 0.9247, Actor Loss: 0.0000, Avg Len: 175, LR: 0.00000016
Epoch:[1/1](416/500), Reward: 0.3422, Fmt: 1.00, Correct: 0.00, KL_ref: -0.0001, Adv Std: 0.9250, Actor Loss: 0.0000, Avg Len: 151, LR: 0.00000016
Epoch:[1/1](417/500), Reward: 0.4043, Fmt: 1.00, Correct: 0.00, KL_ref: -0.0020, Adv Std: 0.9250, Actor Loss: 0.0000, Avg Len: 110, LR: 0.00000016
Epoch:[1/1](418/500), Reward: 0.3816, Fmt: 1.00, Correct: 0.00, KL_ref: -0.0053, Adv Std: 0.9248, Actor Loss: 0.0002, Avg Len: 127, LR: 0.00000016
Epoch:[1/1](419/500), Reward: 0.3896, Fmt: 1.00, Correct: 0.00, KL_ref: 0.0008, Adv Std: 0.9248, Actor Loss: 0.0000, Avg Len: 118, LR: 0.00000016
Epoch:[1/1](420/500), Reward: 0.3951, Fmt: 1.00, Correct: 0.00, KL_ref: -0.0006, Adv Std: 0.9247, Actor Loss: 0.0000, Avg Len: 110, LR: 0.00000016
Epoch:[1/1](421/500), Reward: 0.3596, Fmt: 1.00, Correct: 0.00, KL_ref: -0.0009, Adv Std: 0.9250, Actor Loss: 0.0000, Avg Len: 147, LR: 0.00000016
Epoch:[1/1](422/500), Reward: 0.3502, Fmt: 1.00, Correct: 0.00, KL_ref: -0.0036, Adv Std: 0.9247, Actor Loss: 0.0001, Avg Len: 153, LR: 0.00000015
Epoch:[1/1](423/500), Reward: 0.4085, Fmt: 1.00, Correct: 0.00, KL_ref: -0.0115, Adv Std: 0.9248, Actor Loss: 0.0003, Avg Len: 106, LR: 0.00000015
Epoch:[1/1](424/500), Reward: 0.3820, Fmt: 1.00, Correct: 0.00, KL_ref: -0.0014, Adv Std: 0.9247, Actor Loss: 0.0000, Avg Len: 152, LR: 0.00000015
Epoch:[1/1](425/500), Reward: 0.3679, Fmt: 1.00, Correct: 0.00, KL_ref: -0.0018, Adv Std: 0.9246, Actor Loss: 0.0000, Avg Len: 134, LR: 0.00000015
Epoch:[1/1](426/500), Reward: 0.3664, Fmt: 1.00, Correct: 0.00, KL_ref: -0.0009, Adv Std: 0.9250, Actor Loss: 0.0000, Avg Len: 174, LR: 0.00000015
Epoch:[1/1](427/500), Reward: 0.6219, Fmt: 1.00, Correct: 0.12, KL_ref: 0.0005, Adv Std: 0.9254, Actor Loss: 0.0000, Avg Len: 113, LR: 0.00000015
Epoch:[1/1](428/500), Reward: 0.3511, Fmt: 1.00, Correct: 0.00, KL_ref: -0.0010, Adv Std: 0.9249, Actor Loss: 0.0000, Avg Len: 175, LR: 0.00000015
Epoch:[1/1](429/500), Reward: 0.6090, Fmt: 1.00, Correct: 0.12, KL_ref: -0.0012, Adv Std: 0.9254, Actor Loss: 0.0000, Avg Len: 145, LR: 0.00000015
Epoch:[1/1](430/500), Reward: 0.4298, Fmt: 1.00, Correct: 0.00, KL_ref: -0.0014, Adv Std: 0.6540, Actor Loss: 0.0000, Avg Len: 51, LR: 0.00000014
Epoch:[1/1](431/500), Reward: 0.3118, Fmt: 1.00, Correct: 0.00, KL_ref: -0.0018, Adv Std: 0.9233, Actor Loss: 0.0000, Avg Len: 188, LR: 0.00000014
Epoch:[1/1](432/500), Reward: 0.3436, Fmt: 1.00, Correct: 0.00, KL_ref: -0.0012, Adv Std: 0.9250, Actor Loss: 0.0000, Avg Len: 176, LR: 0.00000014
Epoch:[1/1](433/500), Reward: 0.3806, Fmt: 1.00, Correct: 0.00, KL_ref: -0.0008, Adv Std: 0.9249, Actor Loss: 0.0000, Avg Len: 165, LR: 0.00000014
Epoch:[1/1](434/500), Reward: 0.3331, Fmt: 1.00, Correct: 0.00, KL_ref: -0.0025, Adv Std: 0.9250, Actor Loss: 0.0000, Avg Len: 152, LR: 0.00000014
Epoch:[1/1](435/500), Reward: 0.3980, Fmt: 1.00, Correct: 0.00, KL_ref: -0.0002, Adv Std: 0.9249, Actor Loss: 0.0000, Avg Len: 149, LR: 0.00000014
Epoch:[1/1](436/500), Reward: 0.3859, Fmt: 1.00, Correct: 0.00, KL_ref: -0.0037, Adv Std: 0.9248, Actor Loss: 0.0001, Avg Len: 175, LR: 0.00000014
Epoch:[1/1](437/500), Reward: 0.8217, Fmt: 1.00, Correct: 0.25, KL_ref: -0.0013, Adv Std: 0.9254, Actor Loss: 0.0000, Avg Len: 196, LR: 0.00000014
Epoch:[1/1](438/500), Reward: 0.3873, Fmt: 1.00, Correct: 0.00, KL_ref: -0.0006, Adv Std: 0.9246, Actor Loss: 0.0000, Avg Len: 127, LR: 0.00000013
Epoch:[1/1](439/500), Reward: 0.4054, Fmt: 1.00, Correct: 0.00, KL_ref: -0.0009, Adv Std: 0.9243, Actor Loss: 0.0000, Avg Len: 123, LR: 0.00000013
Epoch:[1/1](440/500), Reward: 0.4764, Fmt: 1.00, Correct: 0.00, KL_ref: -0.0157, Adv Std: 0.9226, Actor Loss: 0.0004, Avg Len: 55, LR: 0.00000013
Epoch:[1/1](441/500), Reward: 0.3650, Fmt: 1.00, Correct: 0.00, KL_ref: -0.0017, Adv Std: 0.9249, Actor Loss: 0.0000, Avg Len: 146, LR: 0.00000013
Epoch:[1/1](442/500), Reward: 0.3186, Fmt: 1.00, Correct: 0.00, KL_ref: -0.0048, Adv Std: 0.9248, Actor Loss: 0.0004, Avg Len: 154, LR: 0.00000013
Epoch:[1/1](443/500), Reward: 0.3007, Fmt: 1.00, Correct: 0.00, KL_ref: -0.0005, Adv Std: 0.9245, Actor Loss: 0.0000, Avg Len: 194, LR: 0.00000013
Epoch:[1/1](444/500), Reward: 0.3004, Fmt: 1.00, Correct: 0.00, KL_ref: -0.0004, Adv Std: 0.9240, Actor Loss: 0.0000, Avg Len: 187, LR: 0.00000013
Epoch:[1/1](445/500), Reward: 0.3422, Fmt: 1.00, Correct: 0.00, KL_ref: -0.0025, Adv Std: 0.9247, Actor Loss: 0.0000, Avg Len: 149, LR: 0.00000013
Epoch:[1/1](446/500), Reward: 0.4344, Fmt: 1.00, Correct: 0.00, KL_ref: -0.0040, Adv Std: 0.9245, Actor Loss: 0.0002, Avg Len: 105, LR: 0.00000013
Epoch:[1/1](447/500), Reward: 0.8295, Fmt: 1.00, Correct: 0.25, KL_ref: -0.0006, Adv Std: 0.9257, Actor Loss: 0.0000, Avg Len: 188, LR: 0.00000013
Epoch:[1/1](448/500), Reward: 0.2879, Fmt: 1.00, Correct: 0.00, KL_ref: -0.0010, Adv Std: 0.9240, Actor Loss: 0.0000, Avg Len: 194, LR: 0.00000012
Epoch:[1/1](449/500), Reward: 0.3232, Fmt: 1.00, Correct: 0.00, KL_ref: -0.0053, Adv Std: 0.9247, Actor Loss: 0.0001, Avg Len: 173, LR: 0.00000012
Epoch:[1/1](450/500), Reward: 0.3542, Fmt: 1.00, Correct: 0.00, KL_ref: -0.0010, Adv Std: 0.9249, Actor Loss: 0.0000, Avg Len: 152, LR: 0.00000012
Epoch:[1/1](451/500), Reward: 0.3025, Fmt: 1.00, Correct: 0.00, KL_ref: -0.0002, Adv Std: 0.9245, Actor Loss: 0.0000, Avg Len: 194, LR: 0.00000012
Epoch:[1/1](452/500), Reward: 0.3426, Fmt: 1.00, Correct: 0.00, KL_ref: -0.0022, Adv Std: 0.9247, Actor Loss: 0.0000, Avg Len: 155, LR: 0.00000012
Epoch:[1/1](453/500), Reward: 0.8817, Fmt: 1.00, Correct: 0.25, KL_ref: 0.0002, Adv Std: 0.9254, Actor Loss: 0.0000, Avg Len: 96, LR: 0.00000012
Epoch:[1/1](454/500), Reward: 0.4554, Fmt: 1.00, Correct: 0.00, KL_ref: -0.0098, Adv Std: 0.9244, Actor Loss: 0.0006, Avg Len: 88, LR: 0.00000012
Epoch:[1/1](455/500), Reward: 0.3415, Fmt: 1.00, Correct: 0.00, KL_ref: -0.0016, Adv Std: 0.9246, Actor Loss: 0.0000, Avg Len: 156, LR: 0.00000012
Epoch:[1/1](456/500), Reward: 0.3658, Fmt: 1.00, Correct: 0.00, KL_ref: 0.0008, Adv Std: 0.9250, Actor Loss: 0.0000, Avg Len: 131, LR: 0.00000012
Epoch:[1/1](457/500), Reward: 0.3749, Fmt: 1.00, Correct: 0.00, KL_ref: -0.0001, Adv Std: 0.9242, Actor Loss: 0.0000, Avg Len: 141, LR: 0.00000012
Epoch:[1/1](458/500), Reward: 0.2830, Fmt: 1.00, Correct: 0.00, KL_ref: -0.0002, Adv Std: 0.9234, Actor Loss: 0.0000, Avg Len: 197, LR: 0.00000012
Epoch:[1/1](459/500), Reward: 0.3094, Fmt: 1.00, Correct: 0.00, KL_ref: -0.0008, Adv Std: 0.9239, Actor Loss: 0.0000, Avg Len: 138, LR: 0.00000012
Epoch:[1/1](460/500), Reward: 0.3155, Fmt: 1.00, Correct: 0.00, KL_ref: -0.0004, Adv Std: 0.9248, Actor Loss: 0.0000, Avg Len: 158, LR: 0.00000011
Epoch:[1/1](461/500), Reward: 0.3516, Fmt: 1.00, Correct: 0.00, KL_ref: -0.0007, Adv Std: 0.9248, Actor Loss: 0.0000, Avg Len: 132, LR: 0.00000011
Epoch:[1/1](462/500), Reward: 0.3332, Fmt: 1.00, Correct: 0.00, KL_ref: -0.0107, Adv Std: 0.9250, Actor Loss: 0.0007, Avg Len: 123, LR: 0.00000011
Epoch:[1/1](463/500), Reward: 0.3844, Fmt: 1.00, Correct: 0.00, KL_ref: 0.0000, Adv Std: 0.9250, Actor Loss: 0.0000, Avg Len: 118, LR: 0.00000011
Epoch:[1/1](464/500), Reward: 0.8915, Fmt: 1.00, Correct: 0.25, KL_ref: -0.0029, Adv Std: 0.9253, Actor Loss: 0.0000, Avg Len: 136, LR: 0.00000011
Epoch:[1/1](465/500), Reward: 0.5714, Fmt: 1.00, Correct: 0.12, KL_ref: -0.0033, Adv Std: 0.9248, Actor Loss: 0.0000, Avg Len: 171, LR: 0.00000011
Epoch:[1/1](466/500), Reward: 0.4008, Fmt: 1.00, Correct: 0.00, KL_ref: -0.0005, Adv Std: 0.9249, Actor Loss: 0.0000, Avg Len: 86, LR: 0.00000011
Epoch:[1/1](467/500), Reward: 0.3127, Fmt: 1.00, Correct: 0.00, KL_ref: -0.0005, Adv Std: 0.9246, Actor Loss: 0.0000, Avg Len: 215, LR: 0.00000011
Epoch:[1/1](468/500), Reward: 0.3365, Fmt: 1.00, Correct: 0.00, KL_ref: -0.0014, Adv Std: 0.9249, Actor Loss: 0.0000, Avg Len: 175, LR: 0.00000011
Epoch:[1/1](469/500), Reward: 0.3060, Fmt: 1.00, Correct: 0.00, KL_ref: -0.0007, Adv Std: 0.9247, Actor Loss: 0.0000, Avg Len: 173, LR: 0.00000011
Epoch:[1/1](470/500), Reward: 0.3189, Fmt: 1.00, Correct: 0.00, KL_ref: -0.0007, Adv Std: 0.9247, Actor Loss: 0.0000, Avg Len: 160, LR: 0.00000011
Epoch:[1/1](471/500), Reward: 0.7667, Fmt: 1.00, Correct: 0.25, KL_ref: -0.0007, Adv Std: 0.9248, Actor Loss: 0.0000, Avg Len: 212, LR: 0.00000011
Epoch:[1/1](472/500), Reward: 0.3974, Fmt: 1.00, Correct: 0.00, KL_ref: -0.0059, Adv Std: 0.9243, Actor Loss: 0.0001, Avg Len: 124, LR: 0.00000011
Epoch:[1/1](473/500), Reward: 0.6636, Fmt: 1.00, Correct: 0.12, KL_ref: -0.0030, Adv Std: 0.9252, Actor Loss: 0.0000, Avg Len: 97, LR: 0.00000011
Epoch:[1/1](474/500), Reward: 0.2916, Fmt: 1.00, Correct: 0.00, KL_ref: -0.0046, Adv Std: 0.9242, Actor Loss: 0.0001, Avg Len: 206, LR: 0.00000011
Epoch:[1/1](475/500), Reward: 0.3983, Fmt: 1.00, Correct: 0.00, KL_ref: -0.0005, Adv Std: 0.9244, Actor Loss: 0.0000, Avg Len: 116, LR: 0.00000011
Epoch:[1/1](476/500), Reward: 0.5700, Fmt: 1.00, Correct: 0.12, KL_ref: -0.0008, Adv Std: 0.9240, Actor Loss: 0.0000, Avg Len: 211, LR: 0.00000011
Epoch:[1/1](477/500), Reward: 0.4062, Fmt: 1.00, Correct: 0.00, KL_ref: -0.0090, Adv Std: 0.9247, Actor Loss: 0.0006, Avg Len: 144, LR: 0.00000011
Epoch:[1/1](478/500), Reward: 0.2814, Fmt: 1.00, Correct: 0.00, KL_ref: -0.0013, Adv Std: 0.6539, Actor Loss: 0.0000, Avg Len: 227, LR: 0.00000010
Epoch:[1/1](479/500), Reward: 0.3536, Fmt: 1.00, Correct: 0.00, KL_ref: -0.0119, Adv Std: 0.9248, Actor Loss: 0.0004, Avg Len: 161, LR: 0.00000010
Epoch:[1/1](480/500), Reward: 0.3888, Fmt: 1.00, Correct: 0.00, KL_ref: -0.0020, Adv Std: 0.9249, Actor Loss: 0.0000, Avg Len: 113, LR: 0.00000010
Epoch:[1/1](481/500), Reward: 0.3483, Fmt: 1.00, Correct: 0.00, KL_ref: -0.0013, Adv Std: 0.9241, Actor Loss: 0.0000, Avg Len: 112, LR: 0.00000010
Epoch:[1/1](482/500), Reward: 0.2677, Fmt: 1.00, Correct: 0.00, KL_ref: -0.0005, Adv Std: 0.9231, Actor Loss: 0.0000, Avg Len: 240, LR: 0.00000010
Epoch:[1/1](483/500), Reward: 0.7051, Fmt: 1.00, Correct: 0.12, KL_ref: -0.0079, Adv Std: 0.9240, Actor Loss: 0.0003, Avg Len: 80, LR: 0.00000010
Epoch:[1/1](484/500), Reward: 0.4086, Fmt: 1.00, Correct: 0.00, KL_ref: -0.0033, Adv Std: 0.9242, Actor Loss: 0.0001, Avg Len: 103, LR: 0.00000010
Epoch:[1/1](485/500), Reward: 0.3134, Fmt: 1.00, Correct: 0.00, KL_ref: -0.0015, Adv Std: 0.9243, Actor Loss: 0.0000, Avg Len: 150, LR: 0.00000010
Epoch:[1/1](486/500), Reward: 0.3540, Fmt: 1.00, Correct: 0.00, KL_ref: -0.0010, Adv Std: 0.9244, Actor Loss: 0.0000, Avg Len: 135, LR: 0.00000010
Epoch:[1/1](487/500), Reward: 0.3364, Fmt: 1.00, Correct: 0.00, KL_ref: 0.0002, Adv Std: 0.9250, Actor Loss: 0.0000, Avg Len: 189, LR: 0.00000010
Epoch:[1/1](488/500), Reward: 0.4381, Fmt: 1.00, Correct: 0.00, KL_ref: -0.0000, Adv Std: 0.9249, Actor Loss: 0.0000, Avg Len: 110, LR: 0.00000010
Epoch:[1/1](489/500), Reward: 0.3537, Fmt: 1.00, Correct: 0.00, KL_ref: -0.0030, Adv Std: 0.9248, Actor Loss: 0.0001, Avg Len: 148, LR: 0.00000010
Epoch:[1/1](490/500), Reward: 0.3004, Fmt: 1.00, Correct: 0.00, KL_ref: -0.0025, Adv Std: 0.9222, Actor Loss: 0.0000, Avg Len: 130, LR: 0.00000010
Epoch:[1/1](491/500), Reward: 0.3364, Fmt: 1.00, Correct: 0.00, KL_ref: -0.0076, Adv Std: 0.9248, Actor Loss: 0.0002, Avg Len: 154, LR: 0.00000010
Epoch:[1/1](492/500), Reward: 0.3712, Fmt: 1.00, Correct: 0.00, KL_ref: 0.0002, Adv Std: 0.9251, Actor Loss: 0.0000, Avg Len: 126, LR: 0.00000010
Epoch:[1/1](493/500), Reward: 0.3249, Fmt: 1.00, Correct: 0.00, KL_ref: -0.0006, Adv Std: 0.9245, Actor Loss: 0.0000, Avg Len: 163, LR: 0.00000010
Epoch:[1/1](494/500), Reward: 0.3084, Fmt: 1.00, Correct: 0.00, KL_ref: -0.0003, Adv Std: 0.9248, Actor Loss: 0.0000, Avg Len: 184, LR: 0.00000010
Epoch:[1/1](495/500), Reward: 0.3239, Fmt: 1.00, Correct: 0.00, KL_ref: -0.0012, Adv Std: 0.9247, Actor Loss: 0.0000, Avg Len: 166, LR: 0.00000010
Epoch:[1/1](496/500), Reward: 0.2986, Fmt: 1.00, Correct: 0.00, KL_ref: -0.0022, Adv Std: 0.9243, Actor Loss: 0.0000, Avg Len: 212, LR: 0.00000010
Epoch:[1/1](497/500), Reward: 0.3160, Fmt: 1.00, Correct: 0.00, KL_ref: -0.0056, Adv Std: 0.9247, Actor Loss: 0.0001, Avg Len: 158, LR: 0.00000010
Epoch:[1/1](498/500), Reward: 0.3501, Fmt: 1.00, Correct: 0.00, KL_ref: 0.0012, Adv Std: 0.9249, Actor Loss: 0.0000, Avg Len: 135, LR: 0.00000010
Epoch:[1/1](499/500), Reward: 0.6297, Fmt: 1.00, Correct: 0.12, KL_ref: -0.0009, Adv Std: 0.9255, Actor Loss: 0.0000, Avg Len: 110, LR: 0.00000010
Epoch:[1/1](500/500), Reward: 0.3420, Fmt: 1.00, Correct: 0.00, KL_ref: 0.0006, Adv Std: 0.9248, Actor Loss: 0.0000, Avg Len: 113, LR: 0.00000010
